{"C:\\Users\\NU\\CS Breadth\\CS394\\WildCalendar\\postcss.config.js": {"path":"C:\\Users\\NU\\CS Breadth\\CS394\\WildCalendar\\postcss.config.js","all":true,"statementMap":{"0":{"start":{"line":1,"column":0},"end":{"line":1,"column":18}},"1":{"start":{"line":2,"column":0},"end":{"line":2,"column":12}},"2":{"start":{"line":3,"column":0},"end":{"line":3,"column":20}},"3":{"start":{"line":4,"column":0},"end":{"line":4,"column":21}},"4":{"start":{"line":5,"column":0},"end":{"line":5,"column":4}},"5":{"start":{"line":6,"column":0},"end":{"line":6,"column":1}}},"s":{"0":0,"1":0,"2":0,"3":0,"4":0,"5":0},"branchMap":{"0":{"type":"branch","line":1,"loc":{"start":{"line":1,"column":0},"end":{"line":6,"column":1}},"locations":[{"start":{"line":1,"column":0},"end":{"line":6,"column":1}}]}},"b":{"0":[0]},"fnMap":{"0":{"name":"(empty-report)","decl":{"start":{"line":1,"column":0},"end":{"line":6,"column":1}},"loc":{"start":{"line":1,"column":0},"end":{"line":6,"column":1}},"line":1}},"f":{"0":0}}
,"C:\\Users\\NU\\CS Breadth\\CS394\\WildCalendar\\tailwind.config.js": {"path":"C:\\Users\\NU\\CS Breadth\\CS394\\WildCalendar\\tailwind.config.js","all":true,"statementMap":{"0":{"start":{"line":1,"column":0},"end":{"line":1,"column":43}},"1":{"start":{"line":2,"column":0},"end":{"line":2,"column":0}},"2":{"start":{"line":3,"column":0},"end":{"line":3,"column":18}},"3":{"start":{"line":4,"column":0},"end":{"line":4,"column":22}},"4":{"start":{"line":5,"column":0},"end":{"line":5,"column":12}},"5":{"start":{"line":6,"column":0},"end":{"line":6,"column":28}},"6":{"start":{"line":7,"column":0},"end":{"line":7,"column":33}},"7":{"start":{"line":8,"column":0},"end":{"line":8,"column":26}},"8":{"start":{"line":9,"column":0},"end":{"line":9,"column":26}},"9":{"start":{"line":10,"column":0},"end":{"line":10,"column":4}},"10":{"start":{"line":11,"column":0},"end":{"line":11,"column":13}},"11":{"start":{"line":12,"column":0},"end":{"line":12,"column":10}},"12":{"start":{"line":13,"column":0},"end":{"line":13,"column":16}},"13":{"start":{"line":14,"column":0},"end":{"line":14,"column":19}},"14":{"start":{"line":15,"column":0},"end":{"line":15,"column":22}},"15":{"start":{"line":16,"column":0},"end":{"line":16,"column":16}},"16":{"start":{"line":17,"column":0},"end":{"line":17,"column":24}},"17":{"start":{"line":18,"column":0},"end":{"line":18,"column":8}},"18":{"start":{"line":19,"column":0},"end":{"line":19,"column":6}},"19":{"start":{"line":20,"column":0},"end":{"line":20,"column":17}},"20":{"start":{"line":21,"column":0},"end":{"line":21,"column":43}},"21":{"start":{"line":22,"column":0},"end":{"line":22,"column":12}},"22":{"start":{"line":23,"column":0},"end":{"line":23,"column":6}},"23":{"start":{"line":24,"column":0},"end":{"line":24,"column":11}},"24":{"start":{"line":25,"column":0},"end":{"line":25,"column":13}},"25":{"start":{"line":26,"column":0},"end":{"line":26,"column":19}},"26":{"start":{"line":27,"column":0},"end":{"line":27,"column":51}},"27":{"start":{"line":28,"column":0},"end":{"line":28,"column":8}},"28":{"start":{"line":29,"column":0},"end":{"line":29,"column":15}},"29":{"start":{"line":30,"column":0},"end":{"line":30,"column":37}},"30":{"start":{"line":31,"column":0},"end":{"line":31,"column":35}},"31":{"start":{"line":32,"column":0},"end":{"line":32,"column":33}},"32":{"start":{"line":33,"column":0},"end":{"line":33,"column":45}},"33":{"start":{"line":34,"column":0},"end":{"line":34,"column":45}},"34":{"start":{"line":35,"column":0},"end":{"line":35,"column":18}},"35":{"start":{"line":36,"column":0},"end":{"line":36,"column":36}},"36":{"start":{"line":37,"column":0},"end":{"line":37,"column":55}},"37":{"start":{"line":38,"column":0},"end":{"line":38,"column":10}},"38":{"start":{"line":39,"column":0},"end":{"line":39,"column":20}},"39":{"start":{"line":40,"column":0},"end":{"line":40,"column":43}},"40":{"start":{"line":41,"column":0},"end":{"line":41,"column":57}},"41":{"start":{"line":42,"column":0},"end":{"line":42,"column":10}},"42":{"start":{"line":43,"column":0},"end":{"line":43,"column":22}},"43":{"start":{"line":44,"column":0},"end":{"line":44,"column":45}},"44":{"start":{"line":45,"column":0},"end":{"line":45,"column":59}},"45":{"start":{"line":46,"column":0},"end":{"line":46,"column":10}},"46":{"start":{"line":47,"column":0},"end":{"line":47,"column":16}},"47":{"start":{"line":48,"column":0},"end":{"line":48,"column":39}},"48":{"start":{"line":49,"column":0},"end":{"line":49,"column":53}},"49":{"start":{"line":50,"column":0},"end":{"line":50,"column":10}},"50":{"start":{"line":51,"column":0},"end":{"line":51,"column":17}},"51":{"start":{"line":52,"column":0},"end":{"line":52,"column":40}},"52":{"start":{"line":53,"column":0},"end":{"line":53,"column":54}},"53":{"start":{"line":54,"column":0},"end":{"line":54,"column":10}},"54":{"start":{"line":55,"column":0},"end":{"line":55,"column":18}},"55":{"start":{"line":56,"column":0},"end":{"line":56,"column":41}},"56":{"start":{"line":57,"column":0},"end":{"line":57,"column":55}},"57":{"start":{"line":58,"column":0},"end":{"line":58,"column":10}},"58":{"start":{"line":59,"column":0},"end":{"line":59,"column":15}},"59":{"start":{"line":60,"column":0},"end":{"line":60,"column":38}},"60":{"start":{"line":61,"column":0},"end":{"line":61,"column":52}},"61":{"start":{"line":62,"column":0},"end":{"line":62,"column":10}},"62":{"start":{"line":63,"column":0},"end":{"line":63,"column":8}},"63":{"start":{"line":64,"column":0},"end":{"line":64,"column":21}},"64":{"start":{"line":65,"column":0},"end":{"line":65,"column":28}},"65":{"start":{"line":66,"column":0},"end":{"line":66,"column":40}},"66":{"start":{"line":67,"column":0},"end":{"line":67,"column":40}},"67":{"start":{"line":68,"column":0},"end":{"line":68,"column":8}},"68":{"start":{"line":69,"column":0},"end":{"line":69,"column":18}},"69":{"start":{"line":70,"column":0},"end":{"line":70,"column":27}},"70":{"start":{"line":71,"column":0},"end":{"line":71,"column":32}},"71":{"start":{"line":72,"column":0},"end":{"line":72,"column":66}},"72":{"start":{"line":73,"column":0},"end":{"line":73,"column":10}},"73":{"start":{"line":74,"column":0},"end":{"line":74,"column":25}},"74":{"start":{"line":75,"column":0},"end":{"line":75,"column":68}},"75":{"start":{"line":76,"column":0},"end":{"line":76,"column":30}},"76":{"start":{"line":77,"column":0},"end":{"line":77,"column":10}},"77":{"start":{"line":78,"column":0},"end":{"line":78,"column":8}},"78":{"start":{"line":79,"column":0},"end":{"line":79,"column":18}},"79":{"start":{"line":80,"column":0},"end":{"line":80,"column":57}},"80":{"start":{"line":81,"column":0},"end":{"line":81,"column":53}},"81":{"start":{"line":82,"column":0},"end":{"line":82,"column":8}},"82":{"start":{"line":83,"column":0},"end":{"line":83,"column":6}},"83":{"start":{"line":84,"column":0},"end":{"line":84,"column":4}},"84":{"start":{"line":85,"column":0},"end":{"line":85,"column":44}},"85":{"start":{"line":86,"column":0},"end":{"line":86,"column":1}}},"s":{"0":0,"1":0,"2":0,"3":0,"4":0,"5":0,"6":0,"7":0,"8":0,"9":0,"10":0,"11":0,"12":0,"13":0,"14":0,"15":0,"16":0,"17":0,"18":0,"19":0,"20":0,"21":0,"22":0,"23":0,"24":0,"25":0,"26":0,"27":0,"28":0,"29":0,"30":0,"31":0,"32":0,"33":0,"34":0,"35":0,"36":0,"37":0,"38":0,"39":0,"40":0,"41":0,"42":0,"43":0,"44":0,"45":0,"46":0,"47":0,"48":0,"49":0,"50":0,"51":0,"52":0,"53":0,"54":0,"55":0,"56":0,"57":0,"58":0,"59":0,"60":0,"61":0,"62":0,"63":0,"64":0,"65":0,"66":0,"67":0,"68":0,"69":0,"70":0,"71":0,"72":0,"73":0,"74":0,"75":0,"76":0,"77":0,"78":0,"79":0,"80":0,"81":0,"82":0,"83":0,"84":0,"85":0},"branchMap":{"0":{"type":"branch","line":1,"loc":{"start":{"line":1,"column":0},"end":{"line":86,"column":1}},"locations":[{"start":{"line":1,"column":0},"end":{"line":86,"column":1}}]}},"b":{"0":[0]},"fnMap":{"0":{"name":"(empty-report)","decl":{"start":{"line":1,"column":0},"end":{"line":86,"column":1}},"loc":{"start":{"line":1,"column":0},"end":{"line":86,"column":1}},"line":1}},"f":{"0":0}}
,"C:\\Users\\NU\\CS Breadth\\CS394\\WildCalendar\\build\\assets\\index-DQpKiTF7.js": {"path":"C:\\Users\\NU\\CS Breadth\\CS394\\WildCalendar\\build\\assets\\index-DQpKiTF7.js","all":true,"statementMap":{"0":{"start":{"line":1,"column":0},"end":{"line":1,"column":1768}},"1":{"start":{"line":2,"column":0},"end":{"line":2,"column":17}},"2":{"start":{"line":3,"column":0},"end":{"line":3,"column":26}},"3":{"start":{"line":4,"column":0},"end":{"line":4,"column":2}},"4":{"start":{"line":5,"column":0},"end":{"line":5,"column":51}},"5":{"start":{"line":6,"column":0},"end":{"line":6,"column":2}},"6":{"start":{"line":7,"column":0},"end":{"line":7,"column":66}},"7":{"start":{"line":8,"column":0},"end":{"line":8,"column":58}},"8":{"start":{"line":9,"column":0},"end":{"line":9,"column":6652}},"9":{"start":{"line":10,"column":0},"end":{"line":10,"column":17}},"10":{"start":{"line":11,"column":0},"end":{"line":11,"column":38}},"11":{"start":{"line":12,"column":0},"end":{"line":12,"column":2}},"12":{"start":{"line":13,"column":0},"end":{"line":13,"column":51}},"13":{"start":{"line":14,"column":0},"end":{"line":14,"column":2}},"14":{"start":{"line":15,"column":0},"end":{"line":15,"column":66}},"15":{"start":{"line":16,"column":0},"end":{"line":16,"column":58}},"16":{"start":{"line":17,"column":0},"end":{"line":17,"column":667}},"17":{"start":{"line":18,"column":0},"end":{"line":18,"column":17}},"18":{"start":{"line":19,"column":0},"end":{"line":19,"column":30}},"19":{"start":{"line":20,"column":0},"end":{"line":20,"column":2}},"20":{"start":{"line":21,"column":0},"end":{"line":21,"column":51}},"21":{"start":{"line":22,"column":0},"end":{"line":22,"column":2}},"22":{"start":{"line":23,"column":0},"end":{"line":23,"column":66}},"23":{"start":{"line":24,"column":0},"end":{"line":24,"column":58}},"24":{"start":{"line":25,"column":0},"end":{"line":25,"column":3835}},"25":{"start":{"line":26,"column":0},"end":{"line":26,"column":17}},"26":{"start":{"line":27,"column":0},"end":{"line":27,"column":30}},"27":{"start":{"line":28,"column":0},"end":{"line":28,"column":2}},"28":{"start":{"line":29,"column":0},"end":{"line":29,"column":51}},"29":{"start":{"line":30,"column":0},"end":{"line":30,"column":2}},"30":{"start":{"line":31,"column":0},"end":{"line":31,"column":66}},"31":{"start":{"line":32,"column":0},"end":{"line":32,"column":58}},"32":{"start":{"line":33,"column":0},"end":{"line":33,"column":6109}},"33":{"start":{"line":34,"column":0},"end":{"line":34,"column":512}},"34":{"start":{"line":35,"column":0},"end":{"line":35,"column":20}},"35":{"start":{"line":36,"column":0},"end":{"line":36,"column":153}},"36":{"start":{"line":37,"column":0},"end":{"line":37,"column":37550}},"37":{"start":{"line":38,"column":0},"end":{"line":38,"column":28015}},"38":{"start":{"line":39,"column":0},"end":{"line":39,"column":37}},"39":{"start":{"line":40,"column":0},"end":{"line":40,"column":57838}},"40":{"start":{"line":41,"column":0},"end":{"line":41,"column":28}},"41":{"start":{"line":42,"column":0},"end":{"line":42,"column":2}},"42":{"start":{"line":43,"column":0},"end":{"line":43,"column":36}},"43":{"start":{"line":44,"column":0},"end":{"line":44,"column":2}},"44":{"start":{"line":45,"column":0},"end":{"line":45,"column":66}},"45":{"start":{"line":46,"column":0},"end":{"line":46,"column":61}},"46":{"start":{"line":47,"column":0},"end":{"line":47,"column":2}},"47":{"start":{"line":48,"column":0},"end":{"line":48,"column":15}},"48":{"start":{"line":49,"column":0},"end":{"line":49,"column":8764}},"49":{"start":{"line":50,"column":0},"end":{"line":50,"column":23}},"50":{"start":{"line":51,"column":0},"end":{"line":51,"column":2}},"51":{"start":{"line":52,"column":0},"end":{"line":52,"column":36}},"52":{"start":{"line":53,"column":0},"end":{"line":53,"column":2}},"53":{"start":{"line":54,"column":0},"end":{"line":54,"column":66}},"54":{"start":{"line":55,"column":0},"end":{"line":55,"column":61}},"55":{"start":{"line":56,"column":0},"end":{"line":56,"column":2}},"56":{"start":{"line":57,"column":0},"end":{"line":57,"column":15}},"57":{"start":{"line":58,"column":0},"end":{"line":58,"column":8271}},"58":{"start":{"line":59,"column":0},"end":{"line":59,"column":27}},"59":{"start":{"line":60,"column":0},"end":{"line":60,"column":2}},"60":{"start":{"line":61,"column":0},"end":{"line":61,"column":36}},"61":{"start":{"line":62,"column":0},"end":{"line":62,"column":2}},"62":{"start":{"line":63,"column":0},"end":{"line":63,"column":66}},"63":{"start":{"line":64,"column":0},"end":{"line":64,"column":61}},"64":{"start":{"line":65,"column":0},"end":{"line":65,"column":2}},"65":{"start":{"line":66,"column":0},"end":{"line":66,"column":15}},"66":{"start":{"line":67,"column":0},"end":{"line":67,"column":2693}},"67":{"start":{"line":68,"column":0},"end":{"line":68,"column":31}},"68":{"start":{"line":69,"column":0},"end":{"line":69,"column":42}},"69":{"start":{"line":70,"column":0},"end":{"line":70,"column":38}},"70":{"start":{"line":71,"column":0},"end":{"line":71,"column":862}},"71":{"start":{"line":72,"column":0},"end":{"line":72,"column":17}},"72":{"start":{"line":73,"column":0},"end":{"line":73,"column":29}},"73":{"start":{"line":74,"column":0},"end":{"line":74,"column":2}},"74":{"start":{"line":75,"column":0},"end":{"line":75,"column":51}},"75":{"start":{"line":76,"column":0},"end":{"line":76,"column":2}},"76":{"start":{"line":77,"column":0},"end":{"line":77,"column":66}},"77":{"start":{"line":78,"column":0},"end":{"line":78,"column":58}},"78":{"start":{"line":79,"column":0},"end":{"line":79,"column":17331}},"79":{"start":{"line":80,"column":0},"end":{"line":80,"column":1198}},"80":{"start":{"line":81,"column":0},"end":{"line":81,"column":18841}},"81":{"start":{"line":82,"column":0},"end":{"line":82,"column":1125}},"82":{"start":{"line":83,"column":0},"end":{"line":83,"column":26162}},"83":{"start":{"line":84,"column":0},"end":{"line":84,"column":82}},"84":{"start":{"line":85,"column":0},"end":{"line":85,"column":6189}},"85":{"start":{"line":86,"column":0},"end":{"line":86,"column":9}},"86":{"start":{"line":87,"column":0},"end":{"line":87,"column":59}},"87":{"start":{"line":88,"column":0},"end":{"line":88,"column":3}},"88":{"start":{"line":89,"column":0},"end":{"line":89,"column":3}},"89":{"start":{"line":90,"column":0},"end":{"line":90,"column":3646}},"90":{"start":{"line":91,"column":0},"end":{"line":91,"column":39}},"91":{"start":{"line":92,"column":0},"end":{"line":92,"column":41}},"92":{"start":{"line":93,"column":0},"end":{"line":93,"column":40}},"93":{"start":{"line":94,"column":0},"end":{"line":94,"column":26}},"94":{"start":{"line":95,"column":0},"end":{"line":95,"column":39}},"95":{"start":{"line":96,"column":0},"end":{"line":96,"column":41}},"96":{"start":{"line":97,"column":0},"end":{"line":97,"column":40}},"97":{"start":{"line":98,"column":0},"end":{"line":98,"column":25}},"98":{"start":{"line":99,"column":0},"end":{"line":99,"column":38}},"99":{"start":{"line":100,"column":0},"end":{"line":100,"column":41}},"100":{"start":{"line":101,"column":0},"end":{"line":101,"column":37}},"101":{"start":{"line":102,"column":0},"end":{"line":102,"column":309}},"102":{"start":{"line":103,"column":0},"end":{"line":103,"column":68}},"103":{"start":{"line":104,"column":0},"end":{"line":104,"column":65}},"104":{"start":{"line":105,"column":0},"end":{"line":105,"column":67}},"105":{"start":{"line":106,"column":0},"end":{"line":106,"column":28}},"106":{"start":{"line":107,"column":0},"end":{"line":107,"column":40}},"107":{"start":{"line":108,"column":0},"end":{"line":108,"column":42}},"108":{"start":{"line":109,"column":0},"end":{"line":109,"column":41}},"109":{"start":{"line":110,"column":0},"end":{"line":110,"column":27}},"110":{"start":{"line":111,"column":0},"end":{"line":111,"column":39}},"111":{"start":{"line":112,"column":0},"end":{"line":112,"column":41}},"112":{"start":{"line":113,"column":0},"end":{"line":113,"column":40}},"113":{"start":{"line":114,"column":0},"end":{"line":114,"column":25}},"114":{"start":{"line":115,"column":0},"end":{"line":115,"column":39}},"115":{"start":{"line":116,"column":0},"end":{"line":116,"column":41}},"116":{"start":{"line":117,"column":0},"end":{"line":117,"column":40}},"117":{"start":{"line":118,"column":0},"end":{"line":118,"column":27}},"118":{"start":{"line":119,"column":0},"end":{"line":119,"column":40}},"119":{"start":{"line":120,"column":0},"end":{"line":120,"column":42}},"120":{"start":{"line":121,"column":0},"end":{"line":121,"column":41}},"121":{"start":{"line":122,"column":0},"end":{"line":122,"column":27242}},"122":{"start":{"line":123,"column":0},"end":{"line":123,"column":10}},"123":{"start":{"line":124,"column":0},"end":{"line":124,"column":23}},"124":{"start":{"line":125,"column":0},"end":{"line":125,"column":21}},"125":{"start":{"line":126,"column":0},"end":{"line":126,"column":17}},"126":{"start":{"line":127,"column":0},"end":{"line":127,"column":21}},"127":{"start":{"line":128,"column":0},"end":{"line":128,"column":17}},"128":{"start":{"line":129,"column":0},"end":{"line":129,"column":21}},"129":{"start":{"line":130,"column":0},"end":{"line":130,"column":23}},"130":{"start":{"line":131,"column":0},"end":{"line":131,"column":27}},"131":{"start":{"line":132,"column":0},"end":{"line":132,"column":37}},"132":{"start":{"line":133,"column":0},"end":{"line":133,"column":38}},"133":{"start":{"line":134,"column":0},"end":{"line":134,"column":37}},"134":{"start":{"line":135,"column":0},"end":{"line":135,"column":1}},"135":{"start":{"line":136,"column":0},"end":{"line":136,"column":0}},"136":{"start":{"line":137,"column":0},"end":{"line":137,"column":14}},"137":{"start":{"line":138,"column":0},"end":{"line":138,"column":17}},"138":{"start":{"line":139,"column":0},"end":{"line":139,"column":1}},"139":{"start":{"line":140,"column":0},"end":{"line":140,"column":0}},"140":{"start":{"line":141,"column":0},"end":{"line":141,"column":14}},"141":{"start":{"line":142,"column":0},"end":{"line":142,"column":24}},"142":{"start":{"line":143,"column":0},"end":{"line":143,"column":1}},"143":{"start":{"line":144,"column":0},"end":{"line":144,"column":0}},"144":{"start":{"line":145,"column":0},"end":{"line":145,"column":18}},"145":{"start":{"line":146,"column":0},"end":{"line":146,"column":16}},"146":{"start":{"line":147,"column":0},"end":{"line":147,"column":1}},"147":{"start":{"line":148,"column":0},"end":{"line":148,"column":0}},"148":{"start":{"line":149,"column":0},"end":{"line":149,"column":24}},"149":{"start":{"line":150,"column":0},"end":{"line":150,"column":17}},"150":{"start":{"line":151,"column":0},"end":{"line":151,"column":1}},"151":{"start":{"line":152,"column":0},"end":{"line":152,"column":0}},"152":{"start":{"line":153,"column":0},"end":{"line":153,"column":20}},"153":{"start":{"line":154,"column":0},"end":{"line":154,"column":18}},"154":{"start":{"line":155,"column":0},"end":{"line":155,"column":1}},"155":{"start":{"line":156,"column":0},"end":{"line":156,"column":0}},"156":{"start":{"line":157,"column":0},"end":{"line":157,"column":22}},"157":{"start":{"line":158,"column":0},"end":{"line":158,"column":15}},"158":{"start":{"line":159,"column":0},"end":{"line":159,"column":24}},"159":{"start":{"line":160,"column":0},"end":{"line":160,"column":54}},"160":{"start":{"line":161,"column":0},"end":{"line":161,"column":46}},"161":{"start":{"line":162,"column":0},"end":{"line":162,"column":1}},"162":{"start":{"line":163,"column":0},"end":{"line":163,"column":0}},"163":{"start":{"line":164,"column":0},"end":{"line":164,"column":34}},"164":{"start":{"line":165,"column":0},"end":{"line":165,"column":8}},"165":{"start":{"line":166,"column":0},"end":{"line":166,"column":38}},"166":{"start":{"line":167,"column":0},"end":{"line":167,"column":30}},"167":{"start":{"line":168,"column":0},"end":{"line":168,"column":3}},"168":{"start":{"line":169,"column":0},"end":{"line":169,"column":1}},"169":{"start":{"line":170,"column":0},"end":{"line":170,"column":0}},"170":{"start":{"line":171,"column":0},"end":{"line":171,"column":26}},"171":{"start":{"line":172,"column":0},"end":{"line":172,"column":8}},"172":{"start":{"line":173,"column":0},"end":{"line":173,"column":38}},"173":{"start":{"line":174,"column":0},"end":{"line":174,"column":30}},"174":{"start":{"line":175,"column":0},"end":{"line":175,"column":3}},"175":{"start":{"line":176,"column":0},"end":{"line":176,"column":1}},"176":{"start":{"line":177,"column":0},"end":{"line":177,"column":5248}},"177":{"start":{"line":178,"column":0},"end":{"line":178,"column":87}},"178":{"start":{"line":179,"column":0},"end":{"line":179,"column":86}},"179":{"start":{"line":180,"column":0},"end":{"line":180,"column":91}},"180":{"start":{"line":181,"column":0},"end":{"line":181,"column":88}},"181":{"start":{"line":182,"column":0},"end":{"line":182,"column":90}},"182":{"start":{"line":183,"column":0},"end":{"line":183,"column":108}},"183":{"start":{"line":184,"column":0},"end":{"line":184,"column":77}},"184":{"start":{"line":185,"column":0},"end":{"line":185,"column":79}},"185":{"start":{"line":186,"column":0},"end":{"line":186,"column":79}},"186":{"start":{"line":187,"column":0},"end":{"line":187,"column":79}},"187":{"start":{"line":188,"column":0},"end":{"line":188,"column":160}},"188":{"start":{"line":189,"column":0},"end":{"line":189,"column":99}},"189":{"start":{"line":190,"column":0},"end":{"line":190,"column":97}},"190":{"start":{"line":191,"column":0},"end":{"line":191,"column":97}},"191":{"start":{"line":192,"column":0},"end":{"line":192,"column":91}},"192":{"start":{"line":193,"column":0},"end":{"line":193,"column":88}},"193":{"start":{"line":194,"column":0},"end":{"line":194,"column":15758}},"194":{"start":{"line":195,"column":0},"end":{"line":195,"column":214}},"195":{"start":{"line":196,"column":0},"end":{"line":196,"column":28}},"196":{"start":{"line":197,"column":0},"end":{"line":197,"column":26}},"197":{"start":{"line":198,"column":0},"end":{"line":198,"column":103}},"198":{"start":{"line":199,"column":0},"end":{"line":199,"column":54}},"199":{"start":{"line":200,"column":0},"end":{"line":200,"column":51}},"200":{"start":{"line":201,"column":0},"end":{"line":201,"column":40109}},"201":{"start":{"line":202,"column":0},"end":{"line":202,"column":34}},"202":{"start":{"line":203,"column":0},"end":{"line":203,"column":13}},"203":{"start":{"line":204,"column":0},"end":{"line":204,"column":13}},"204":{"start":{"line":205,"column":0},"end":{"line":205,"column":702}},"205":{"start":{"line":206,"column":0},"end":{"line":206,"column":11}},"206":{"start":{"line":207,"column":0},"end":{"line":207,"column":21}},"207":{"start":{"line":208,"column":0},"end":{"line":208,"column":56}},"208":{"start":{"line":209,"column":0},"end":{"line":209,"column":13774}},"209":{"start":{"line":210,"column":0},"end":{"line":210,"column":3}},"210":{"start":{"line":211,"column":0},"end":{"line":211,"column":96}},"211":{"start":{"line":212,"column":0},"end":{"line":212,"column":134}},"212":{"start":{"line":213,"column":0},"end":{"line":213,"column":134}},"213":{"start":{"line":214,"column":0},"end":{"line":214,"column":131}},"214":{"start":{"line":215,"column":0},"end":{"line":215,"column":131}},"215":{"start":{"line":216,"column":0},"end":{"line":216,"column":131}},"216":{"start":{"line":217,"column":0},"end":{"line":217,"column":131}},"217":{"start":{"line":218,"column":0},"end":{"line":218,"column":123}},"218":{"start":{"line":219,"column":0},"end":{"line":219,"column":89}},"219":{"start":{"line":220,"column":0},"end":{"line":220,"column":44870}},"220":{"start":{"line":221,"column":0},"end":{"line":221,"column":21}},"221":{"start":{"line":222,"column":0},"end":{"line":222,"column":21}},"222":{"start":{"line":223,"column":0},"end":{"line":223,"column":166}},"223":{"start":{"line":224,"column":0},"end":{"line":224,"column":38}},"224":{"start":{"line":225,"column":0},"end":{"line":225,"column":39}},"225":{"start":{"line":226,"column":0},"end":{"line":226,"column":449}},"226":{"start":{"line":227,"column":0},"end":{"line":227,"column":23}},"227":{"start":{"line":228,"column":0},"end":{"line":228,"column":23}},"228":{"start":{"line":229,"column":0},"end":{"line":229,"column":1845}},"229":{"start":{"line":230,"column":0},"end":{"line":230,"column":19}},"230":{"start":{"line":231,"column":0},"end":{"line":231,"column":19}},"231":{"start":{"line":232,"column":0},"end":{"line":232,"column":1745}},"232":{"start":{"line":233,"column":0},"end":{"line":233,"column":17}},"233":{"start":{"line":234,"column":0},"end":{"line":234,"column":17}},"234":{"start":{"line":235,"column":0},"end":{"line":235,"column":2302}},"235":{"start":{"line":236,"column":0},"end":{"line":236,"column":19}},"236":{"start":{"line":237,"column":0},"end":{"line":237,"column":19}},"237":{"start":{"line":238,"column":0},"end":{"line":238,"column":342}},"238":{"start":{"line":239,"column":0},"end":{"line":239,"column":188}},"239":{"start":{"line":240,"column":0},"end":{"line":240,"column":3377}},"240":{"start":{"line":241,"column":0},"end":{"line":241,"column":20}},"241":{"start":{"line":242,"column":0},"end":{"line":242,"column":5305}},"242":{"start":{"line":243,"column":0},"end":{"line":243,"column":50326}},"243":{"start":{"line":244,"column":0},"end":{"line":244,"column":5}},"244":{"start":{"line":245,"column":0},"end":{"line":245,"column":39547}},"245":{"start":{"line":246,"column":0},"end":{"line":246,"column":29}},"246":{"start":{"line":247,"column":0},"end":{"line":247,"column":28}},"247":{"start":{"line":248,"column":0},"end":{"line":248,"column":32}},"248":{"start":{"line":249,"column":0},"end":{"line":249,"column":26}},"249":{"start":{"line":250,"column":0},"end":{"line":250,"column":26}},"250":{"start":{"line":251,"column":0},"end":{"line":251,"column":27}},"251":{"start":{"line":252,"column":0},"end":{"line":252,"column":26}},"252":{"start":{"line":253,"column":0},"end":{"line":253,"column":74}},"253":{"start":{"line":254,"column":0},"end":{"line":254,"column":26}},"254":{"start":{"line":255,"column":0},"end":{"line":255,"column":26}},"255":{"start":{"line":256,"column":0},"end":{"line":256,"column":4429}},"256":{"start":{"line":257,"column":0},"end":{"line":257,"column":39}},"257":{"start":{"line":258,"column":0},"end":{"line":258,"column":39}},"258":{"start":{"line":259,"column":0},"end":{"line":259,"column":1179}},"259":{"start":{"line":260,"column":0},"end":{"line":260,"column":30}},"260":{"start":{"line":261,"column":0},"end":{"line":261,"column":36}},"261":{"start":{"line":262,"column":0},"end":{"line":262,"column":360}},"262":{"start":{"line":263,"column":0},"end":{"line":263,"column":45}},"263":{"start":{"line":264,"column":0},"end":{"line":264,"column":51}},"264":{"start":{"line":265,"column":0},"end":{"line":265,"column":1041}},"265":{"start":{"line":266,"column":0},"end":{"line":266,"column":49}},"266":{"start":{"line":267,"column":0},"end":{"line":267,"column":55}},"267":{"start":{"line":268,"column":0},"end":{"line":268,"column":65431}},"268":{"start":{"line":269,"column":0},"end":{"line":269,"column":27}},"269":{"start":{"line":270,"column":0},"end":{"line":270,"column":387}},"270":{"start":{"line":271,"column":0},"end":{"line":271,"column":3681}},"271":{"start":{"line":272,"column":0},"end":{"line":272,"column":120}},"272":{"start":{"line":273,"column":0},"end":{"line":273,"column":1526}},"273":{"start":{"line":274,"column":0},"end":{"line":274,"column":63}},"274":{"start":{"line":275,"column":0},"end":{"line":275,"column":87}},"275":{"start":{"line":276,"column":0},"end":{"line":276,"column":161}},"276":{"start":{"line":277,"column":0},"end":{"line":277,"column":31}},"277":{"start":{"line":278,"column":0},"end":{"line":278,"column":36}},"278":{"start":{"line":279,"column":0},"end":{"line":279,"column":5421}},"279":{"start":{"line":280,"column":0},"end":{"line":280,"column":9604}},"280":{"start":{"line":281,"column":0},"end":{"line":281,"column":88}},"281":{"start":{"line":282,"column":0},"end":{"line":282,"column":82}},"282":{"start":{"line":283,"column":0},"end":{"line":283,"column":84}},"283":{"start":{"line":284,"column":0},"end":{"line":284,"column":87}},"284":{"start":{"line":285,"column":0},"end":{"line":285,"column":181}},"285":{"start":{"line":286,"column":0},"end":{"line":286,"column":81}},"286":{"start":{"line":287,"column":0},"end":{"line":287,"column":75}},"287":{"start":{"line":288,"column":0},"end":{"line":288,"column":77}},"288":{"start":{"line":289,"column":0},"end":{"line":289,"column":80}},"289":{"start":{"line":290,"column":0},"end":{"line":290,"column":181}},"290":{"start":{"line":291,"column":0},"end":{"line":291,"column":82}},"291":{"start":{"line":292,"column":0},"end":{"line":292,"column":179}},"292":{"start":{"line":293,"column":0},"end":{"line":293,"column":75}},"293":{"start":{"line":294,"column":0},"end":{"line":294,"column":97579}},"294":{"start":{"line":295,"column":0},"end":{"line":295,"column":31}},"295":{"start":{"line":296,"column":0},"end":{"line":296,"column":38}},"296":{"start":{"line":297,"column":0},"end":{"line":297,"column":29}},"297":{"start":{"line":298,"column":0},"end":{"line":298,"column":210}},"298":{"start":{"line":299,"column":0},"end":{"line":299,"column":41}},"299":{"start":{"line":300,"column":0},"end":{"line":300,"column":36}},"300":{"start":{"line":301,"column":0},"end":{"line":301,"column":238}},"301":{"start":{"line":302,"column":0},"end":{"line":302,"column":57}},"302":{"start":{"line":303,"column":0},"end":{"line":303,"column":53}},"303":{"start":{"line":304,"column":0},"end":{"line":304,"column":145}},"304":{"start":{"line":305,"column":0},"end":{"line":305,"column":56}},"305":{"start":{"line":306,"column":0},"end":{"line":306,"column":47}},"306":{"start":{"line":307,"column":0},"end":{"line":307,"column":4944}},"307":{"start":{"line":308,"column":0},"end":{"line":308,"column":15}},"308":{"start":{"line":309,"column":0},"end":{"line":309,"column":2993}},"309":{"start":{"line":310,"column":0},"end":{"line":310,"column":302}},"310":{"start":{"line":311,"column":0},"end":{"line":311,"column":32}},"311":{"start":{"line":312,"column":0},"end":{"line":312,"column":126}},"312":{"start":{"line":313,"column":0},"end":{"line":313,"column":32}},"313":{"start":{"line":314,"column":0},"end":{"line":314,"column":1741}},"314":{"start":{"line":315,"column":0},"end":{"line":315,"column":82}},"315":{"start":{"line":316,"column":0},"end":{"line":316,"column":2559}},"316":{"start":{"line":317,"column":0},"end":{"line":317,"column":28}},"317":{"start":{"line":318,"column":0},"end":{"line":318,"column":768}},"318":{"start":{"line":319,"column":0},"end":{"line":319,"column":86}},"319":{"start":{"line":320,"column":0},"end":{"line":320,"column":8014}},"320":{"start":{"line":321,"column":0},"end":{"line":321,"column":89}},"321":{"start":{"line":322,"column":0},"end":{"line":322,"column":90}},"322":{"start":{"line":323,"column":0},"end":{"line":323,"column":195}},"323":{"start":{"line":324,"column":0},"end":{"line":324,"column":92}},"324":{"start":{"line":325,"column":0},"end":{"line":325,"column":93}},"325":{"start":{"line":326,"column":0},"end":{"line":326,"column":195}},"326":{"start":{"line":327,"column":0},"end":{"line":327,"column":193}},"327":{"start":{"line":328,"column":0},"end":{"line":328,"column":1358}},"328":{"start":{"line":329,"column":0},"end":{"line":329,"column":2307}},"329":{"start":{"line":330,"column":0},"end":{"line":330,"column":32}},"330":{"start":{"line":331,"column":0},"end":{"line":331,"column":31}},"331":{"start":{"line":332,"column":0},"end":{"line":332,"column":559}},"332":{"start":{"line":333,"column":0},"end":{"line":333,"column":40}},"333":{"start":{"line":334,"column":0},"end":{"line":334,"column":39}},"334":{"start":{"line":335,"column":0},"end":{"line":335,"column":33918}},"335":{"start":{"line":336,"column":0},"end":{"line":336,"column":26}},"336":{"start":{"line":337,"column":0},"end":{"line":337,"column":29}},"337":{"start":{"line":338,"column":0},"end":{"line":338,"column":22}},"338":{"start":{"line":339,"column":0},"end":{"line":339,"column":31}},"339":{"start":{"line":340,"column":0},"end":{"line":340,"column":29}},"340":{"start":{"line":341,"column":0},"end":{"line":341,"column":31}},"341":{"start":{"line":342,"column":0},"end":{"line":342,"column":27}},"342":{"start":{"line":343,"column":0},"end":{"line":343,"column":19}},"343":{"start":{"line":344,"column":0},"end":{"line":344,"column":21}},"344":{"start":{"line":345,"column":0},"end":{"line":345,"column":34}},"345":{"start":{"line":346,"column":0},"end":{"line":346,"column":22693}},"346":{"start":{"line":347,"column":0},"end":{"line":347,"column":74}},"347":{"start":{"line":348,"column":0},"end":{"line":348,"column":1790}},"348":{"start":{"line":349,"column":0},"end":{"line":349,"column":2673}},"349":{"start":{"line":350,"column":0},"end":{"line":350,"column":827}},"350":{"start":{"line":351,"column":0},"end":{"line":351,"column":29}},"351":{"start":{"line":352,"column":0},"end":{"line":352,"column":26049}},"352":{"start":{"line":353,"column":0},"end":{"line":353,"column":11}},"353":{"start":{"line":354,"column":0},"end":{"line":354,"column":28}},"354":{"start":{"line":355,"column":0},"end":{"line":355,"column":2}},"355":{"start":{"line":356,"column":0},"end":{"line":356,"column":66}},"356":{"start":{"line":357,"column":0},"end":{"line":357,"column":67}},"357":{"start":{"line":358,"column":0},"end":{"line":358,"column":42}},"358":{"start":{"line":359,"column":0},"end":{"line":359,"column":2}},"359":{"start":{"line":360,"column":0},"end":{"line":360,"column":47}},"360":{"start":{"line":361,"column":0},"end":{"line":361,"column":2}},"361":{"start":{"line":362,"column":0},"end":{"line":362,"column":70}},"362":{"start":{"line":363,"column":0},"end":{"line":363,"column":68}},"363":{"start":{"line":364,"column":0},"end":{"line":364,"column":75}},"364":{"start":{"line":365,"column":0},"end":{"line":365,"column":70}},"365":{"start":{"line":366,"column":0},"end":{"line":366,"column":33}},"366":{"start":{"line":367,"column":0},"end":{"line":367,"column":78}},"367":{"start":{"line":368,"column":0},"end":{"line":368,"column":11}},"368":{"start":{"line":369,"column":0},"end":{"line":369,"column":28}},"369":{"start":{"line":370,"column":0},"end":{"line":370,"column":2}},"370":{"start":{"line":371,"column":0},"end":{"line":371,"column":66}},"371":{"start":{"line":372,"column":0},"end":{"line":372,"column":67}},"372":{"start":{"line":373,"column":0},"end":{"line":373,"column":42}},"373":{"start":{"line":374,"column":0},"end":{"line":374,"column":2}},"374":{"start":{"line":375,"column":0},"end":{"line":375,"column":47}},"375":{"start":{"line":376,"column":0},"end":{"line":376,"column":2}},"376":{"start":{"line":377,"column":0},"end":{"line":377,"column":70}},"377":{"start":{"line":378,"column":0},"end":{"line":378,"column":68}},"378":{"start":{"line":379,"column":0},"end":{"line":379,"column":75}},"379":{"start":{"line":380,"column":0},"end":{"line":380,"column":70}},"380":{"start":{"line":381,"column":0},"end":{"line":381,"column":33}},"381":{"start":{"line":382,"column":0},"end":{"line":382,"column":150}},"382":{"start":{"line":383,"column":0},"end":{"line":383,"column":11}},"383":{"start":{"line":384,"column":0},"end":{"line":384,"column":28}},"384":{"start":{"line":385,"column":0},"end":{"line":385,"column":2}},"385":{"start":{"line":386,"column":0},"end":{"line":386,"column":66}},"386":{"start":{"line":387,"column":0},"end":{"line":387,"column":67}},"387":{"start":{"line":388,"column":0},"end":{"line":388,"column":42}},"388":{"start":{"line":389,"column":0},"end":{"line":389,"column":2}},"389":{"start":{"line":390,"column":0},"end":{"line":390,"column":47}},"390":{"start":{"line":391,"column":0},"end":{"line":391,"column":2}},"391":{"start":{"line":392,"column":0},"end":{"line":392,"column":70}},"392":{"start":{"line":393,"column":0},"end":{"line":393,"column":68}},"393":{"start":{"line":394,"column":0},"end":{"line":394,"column":75}},"394":{"start":{"line":395,"column":0},"end":{"line":395,"column":70}},"395":{"start":{"line":396,"column":0},"end":{"line":396,"column":33}},"396":{"start":{"line":397,"column":0},"end":{"line":397,"column":3143}},"397":{"start":{"line":398,"column":0},"end":{"line":398,"column":11}},"398":{"start":{"line":399,"column":0},"end":{"line":399,"column":28}},"399":{"start":{"line":400,"column":0},"end":{"line":400,"column":2}},"400":{"start":{"line":401,"column":0},"end":{"line":401,"column":66}},"401":{"start":{"line":402,"column":0},"end":{"line":402,"column":67}},"402":{"start":{"line":403,"column":0},"end":{"line":403,"column":42}},"403":{"start":{"line":404,"column":0},"end":{"line":404,"column":2}},"404":{"start":{"line":405,"column":0},"end":{"line":405,"column":47}},"405":{"start":{"line":406,"column":0},"end":{"line":406,"column":2}},"406":{"start":{"line":407,"column":0},"end":{"line":407,"column":70}},"407":{"start":{"line":408,"column":0},"end":{"line":408,"column":68}},"408":{"start":{"line":409,"column":0},"end":{"line":409,"column":75}},"409":{"start":{"line":410,"column":0},"end":{"line":410,"column":70}},"410":{"start":{"line":411,"column":0},"end":{"line":411,"column":33}},"411":{"start":{"line":412,"column":0},"end":{"line":412,"column":358}},"412":{"start":{"line":413,"column":0},"end":{"line":413,"column":11}},"413":{"start":{"line":414,"column":0},"end":{"line":414,"column":28}},"414":{"start":{"line":415,"column":0},"end":{"line":415,"column":2}},"415":{"start":{"line":416,"column":0},"end":{"line":416,"column":66}},"416":{"start":{"line":417,"column":0},"end":{"line":417,"column":67}},"417":{"start":{"line":418,"column":0},"end":{"line":418,"column":42}},"418":{"start":{"line":419,"column":0},"end":{"line":419,"column":2}},"419":{"start":{"line":420,"column":0},"end":{"line":420,"column":47}},"420":{"start":{"line":421,"column":0},"end":{"line":421,"column":2}},"421":{"start":{"line":422,"column":0},"end":{"line":422,"column":70}},"422":{"start":{"line":423,"column":0},"end":{"line":423,"column":68}},"423":{"start":{"line":424,"column":0},"end":{"line":424,"column":75}},"424":{"start":{"line":425,"column":0},"end":{"line":425,"column":70}},"425":{"start":{"line":426,"column":0},"end":{"line":426,"column":33}},"426":{"start":{"line":427,"column":0},"end":{"line":427,"column":173}},"427":{"start":{"line":428,"column":0},"end":{"line":428,"column":11}},"428":{"start":{"line":429,"column":0},"end":{"line":429,"column":28}},"429":{"start":{"line":430,"column":0},"end":{"line":430,"column":2}},"430":{"start":{"line":431,"column":0},"end":{"line":431,"column":66}},"431":{"start":{"line":432,"column":0},"end":{"line":432,"column":67}},"432":{"start":{"line":433,"column":0},"end":{"line":433,"column":42}},"433":{"start":{"line":434,"column":0},"end":{"line":434,"column":2}},"434":{"start":{"line":435,"column":0},"end":{"line":435,"column":47}},"435":{"start":{"line":436,"column":0},"end":{"line":436,"column":2}},"436":{"start":{"line":437,"column":0},"end":{"line":437,"column":70}},"437":{"start":{"line":438,"column":0},"end":{"line":438,"column":68}},"438":{"start":{"line":439,"column":0},"end":{"line":439,"column":75}},"439":{"start":{"line":440,"column":0},"end":{"line":440,"column":70}},"440":{"start":{"line":441,"column":0},"end":{"line":441,"column":33}},"441":{"start":{"line":442,"column":0},"end":{"line":442,"column":946}},"442":{"start":{"line":443,"column":0},"end":{"line":443,"column":11}},"443":{"start":{"line":444,"column":0},"end":{"line":444,"column":28}},"444":{"start":{"line":445,"column":0},"end":{"line":445,"column":2}},"445":{"start":{"line":446,"column":0},"end":{"line":446,"column":66}},"446":{"start":{"line":447,"column":0},"end":{"line":447,"column":67}},"447":{"start":{"line":448,"column":0},"end":{"line":448,"column":42}},"448":{"start":{"line":449,"column":0},"end":{"line":449,"column":2}},"449":{"start":{"line":450,"column":0},"end":{"line":450,"column":47}},"450":{"start":{"line":451,"column":0},"end":{"line":451,"column":2}},"451":{"start":{"line":452,"column":0},"end":{"line":452,"column":70}},"452":{"start":{"line":453,"column":0},"end":{"line":453,"column":68}},"453":{"start":{"line":454,"column":0},"end":{"line":454,"column":75}},"454":{"start":{"line":455,"column":0},"end":{"line":455,"column":70}},"455":{"start":{"line":456,"column":0},"end":{"line":456,"column":33}},"456":{"start":{"line":457,"column":0},"end":{"line":457,"column":273}},"457":{"start":{"line":458,"column":0},"end":{"line":458,"column":11}},"458":{"start":{"line":459,"column":0},"end":{"line":459,"column":28}},"459":{"start":{"line":460,"column":0},"end":{"line":460,"column":2}},"460":{"start":{"line":461,"column":0},"end":{"line":461,"column":66}},"461":{"start":{"line":462,"column":0},"end":{"line":462,"column":67}},"462":{"start":{"line":463,"column":0},"end":{"line":463,"column":42}},"463":{"start":{"line":464,"column":0},"end":{"line":464,"column":2}},"464":{"start":{"line":465,"column":0},"end":{"line":465,"column":47}},"465":{"start":{"line":466,"column":0},"end":{"line":466,"column":2}},"466":{"start":{"line":467,"column":0},"end":{"line":467,"column":70}},"467":{"start":{"line":468,"column":0},"end":{"line":468,"column":68}},"468":{"start":{"line":469,"column":0},"end":{"line":469,"column":75}},"469":{"start":{"line":470,"column":0},"end":{"line":470,"column":70}},"470":{"start":{"line":471,"column":0},"end":{"line":471,"column":33}},"471":{"start":{"line":472,"column":0},"end":{"line":472,"column":557}},"472":{"start":{"line":473,"column":0},"end":{"line":473,"column":11}},"473":{"start":{"line":474,"column":0},"end":{"line":474,"column":28}},"474":{"start":{"line":475,"column":0},"end":{"line":475,"column":2}},"475":{"start":{"line":476,"column":0},"end":{"line":476,"column":66}},"476":{"start":{"line":477,"column":0},"end":{"line":477,"column":67}},"477":{"start":{"line":478,"column":0},"end":{"line":478,"column":42}},"478":{"start":{"line":479,"column":0},"end":{"line":479,"column":2}},"479":{"start":{"line":480,"column":0},"end":{"line":480,"column":47}},"480":{"start":{"line":481,"column":0},"end":{"line":481,"column":2}},"481":{"start":{"line":482,"column":0},"end":{"line":482,"column":70}},"482":{"start":{"line":483,"column":0},"end":{"line":483,"column":68}},"483":{"start":{"line":484,"column":0},"end":{"line":484,"column":75}},"484":{"start":{"line":485,"column":0},"end":{"line":485,"column":70}},"485":{"start":{"line":486,"column":0},"end":{"line":486,"column":33}},"486":{"start":{"line":487,"column":0},"end":{"line":487,"column":1040}},"487":{"start":{"line":488,"column":0},"end":{"line":488,"column":11}},"488":{"start":{"line":489,"column":0},"end":{"line":489,"column":28}},"489":{"start":{"line":490,"column":0},"end":{"line":490,"column":2}},"490":{"start":{"line":491,"column":0},"end":{"line":491,"column":66}},"491":{"start":{"line":492,"column":0},"end":{"line":492,"column":67}},"492":{"start":{"line":493,"column":0},"end":{"line":493,"column":42}},"493":{"start":{"line":494,"column":0},"end":{"line":494,"column":2}},"494":{"start":{"line":495,"column":0},"end":{"line":495,"column":47}},"495":{"start":{"line":496,"column":0},"end":{"line":496,"column":2}},"496":{"start":{"line":497,"column":0},"end":{"line":497,"column":70}},"497":{"start":{"line":498,"column":0},"end":{"line":498,"column":68}},"498":{"start":{"line":499,"column":0},"end":{"line":499,"column":75}},"499":{"start":{"line":500,"column":0},"end":{"line":500,"column":70}},"500":{"start":{"line":501,"column":0},"end":{"line":501,"column":33}},"501":{"start":{"line":502,"column":0},"end":{"line":502,"column":598}},"502":{"start":{"line":503,"column":0},"end":{"line":503,"column":11}},"503":{"start":{"line":504,"column":0},"end":{"line":504,"column":28}},"504":{"start":{"line":505,"column":0},"end":{"line":505,"column":2}},"505":{"start":{"line":506,"column":0},"end":{"line":506,"column":66}},"506":{"start":{"line":507,"column":0},"end":{"line":507,"column":67}},"507":{"start":{"line":508,"column":0},"end":{"line":508,"column":42}},"508":{"start":{"line":509,"column":0},"end":{"line":509,"column":2}},"509":{"start":{"line":510,"column":0},"end":{"line":510,"column":47}},"510":{"start":{"line":511,"column":0},"end":{"line":511,"column":2}},"511":{"start":{"line":512,"column":0},"end":{"line":512,"column":70}},"512":{"start":{"line":513,"column":0},"end":{"line":513,"column":68}},"513":{"start":{"line":514,"column":0},"end":{"line":514,"column":75}},"514":{"start":{"line":515,"column":0},"end":{"line":515,"column":70}},"515":{"start":{"line":516,"column":0},"end":{"line":516,"column":33}},"516":{"start":{"line":517,"column":0},"end":{"line":517,"column":82}},"517":{"start":{"line":518,"column":0},"end":{"line":518,"column":11}},"518":{"start":{"line":519,"column":0},"end":{"line":519,"column":28}},"519":{"start":{"line":520,"column":0},"end":{"line":520,"column":2}},"520":{"start":{"line":521,"column":0},"end":{"line":521,"column":66}},"521":{"start":{"line":522,"column":0},"end":{"line":522,"column":67}},"522":{"start":{"line":523,"column":0},"end":{"line":523,"column":42}},"523":{"start":{"line":524,"column":0},"end":{"line":524,"column":2}},"524":{"start":{"line":525,"column":0},"end":{"line":525,"column":47}},"525":{"start":{"line":526,"column":0},"end":{"line":526,"column":2}},"526":{"start":{"line":527,"column":0},"end":{"line":527,"column":70}},"527":{"start":{"line":528,"column":0},"end":{"line":528,"column":68}},"528":{"start":{"line":529,"column":0},"end":{"line":529,"column":75}},"529":{"start":{"line":530,"column":0},"end":{"line":530,"column":70}},"530":{"start":{"line":531,"column":0},"end":{"line":531,"column":33}},"531":{"start":{"line":532,"column":0},"end":{"line":532,"column":370}},"532":{"start":{"line":533,"column":0},"end":{"line":533,"column":11}},"533":{"start":{"line":534,"column":0},"end":{"line":534,"column":28}},"534":{"start":{"line":535,"column":0},"end":{"line":535,"column":2}},"535":{"start":{"line":536,"column":0},"end":{"line":536,"column":66}},"536":{"start":{"line":537,"column":0},"end":{"line":537,"column":67}},"537":{"start":{"line":538,"column":0},"end":{"line":538,"column":42}},"538":{"start":{"line":539,"column":0},"end":{"line":539,"column":2}},"539":{"start":{"line":540,"column":0},"end":{"line":540,"column":47}},"540":{"start":{"line":541,"column":0},"end":{"line":541,"column":2}},"541":{"start":{"line":542,"column":0},"end":{"line":542,"column":70}},"542":{"start":{"line":543,"column":0},"end":{"line":543,"column":68}},"543":{"start":{"line":544,"column":0},"end":{"line":544,"column":75}},"544":{"start":{"line":545,"column":0},"end":{"line":545,"column":70}},"545":{"start":{"line":546,"column":0},"end":{"line":546,"column":33}},"546":{"start":{"line":547,"column":0},"end":{"line":547,"column":671}},"547":{"start":{"line":548,"column":0},"end":{"line":548,"column":11}},"548":{"start":{"line":549,"column":0},"end":{"line":549,"column":28}},"549":{"start":{"line":550,"column":0},"end":{"line":550,"column":2}},"550":{"start":{"line":551,"column":0},"end":{"line":551,"column":66}},"551":{"start":{"line":552,"column":0},"end":{"line":552,"column":67}},"552":{"start":{"line":553,"column":0},"end":{"line":553,"column":42}},"553":{"start":{"line":554,"column":0},"end":{"line":554,"column":2}},"554":{"start":{"line":555,"column":0},"end":{"line":555,"column":47}},"555":{"start":{"line":556,"column":0},"end":{"line":556,"column":2}},"556":{"start":{"line":557,"column":0},"end":{"line":557,"column":70}},"557":{"start":{"line":558,"column":0},"end":{"line":558,"column":68}},"558":{"start":{"line":559,"column":0},"end":{"line":559,"column":75}},"559":{"start":{"line":560,"column":0},"end":{"line":560,"column":70}},"560":{"start":{"line":561,"column":0},"end":{"line":561,"column":33}},"561":{"start":{"line":562,"column":0},"end":{"line":562,"column":247}},"562":{"start":{"line":563,"column":0},"end":{"line":563,"column":11}},"563":{"start":{"line":564,"column":0},"end":{"line":564,"column":28}},"564":{"start":{"line":565,"column":0},"end":{"line":565,"column":2}},"565":{"start":{"line":566,"column":0},"end":{"line":566,"column":66}},"566":{"start":{"line":567,"column":0},"end":{"line":567,"column":67}},"567":{"start":{"line":568,"column":0},"end":{"line":568,"column":42}},"568":{"start":{"line":569,"column":0},"end":{"line":569,"column":2}},"569":{"start":{"line":570,"column":0},"end":{"line":570,"column":47}},"570":{"start":{"line":571,"column":0},"end":{"line":571,"column":2}},"571":{"start":{"line":572,"column":0},"end":{"line":572,"column":70}},"572":{"start":{"line":573,"column":0},"end":{"line":573,"column":68}},"573":{"start":{"line":574,"column":0},"end":{"line":574,"column":75}},"574":{"start":{"line":575,"column":0},"end":{"line":575,"column":70}},"575":{"start":{"line":576,"column":0},"end":{"line":576,"column":33}},"576":{"start":{"line":577,"column":0},"end":{"line":577,"column":3719}},"577":{"start":{"line":578,"column":0},"end":{"line":578,"column":11}},"578":{"start":{"line":579,"column":0},"end":{"line":579,"column":28}},"579":{"start":{"line":580,"column":0},"end":{"line":580,"column":2}},"580":{"start":{"line":581,"column":0},"end":{"line":581,"column":66}},"581":{"start":{"line":582,"column":0},"end":{"line":582,"column":67}},"582":{"start":{"line":583,"column":0},"end":{"line":583,"column":42}},"583":{"start":{"line":584,"column":0},"end":{"line":584,"column":2}},"584":{"start":{"line":585,"column":0},"end":{"line":585,"column":47}},"585":{"start":{"line":586,"column":0},"end":{"line":586,"column":2}},"586":{"start":{"line":587,"column":0},"end":{"line":587,"column":70}},"587":{"start":{"line":588,"column":0},"end":{"line":588,"column":68}},"588":{"start":{"line":589,"column":0},"end":{"line":589,"column":75}},"589":{"start":{"line":590,"column":0},"end":{"line":590,"column":70}},"590":{"start":{"line":591,"column":0},"end":{"line":591,"column":33}},"591":{"start":{"line":592,"column":0},"end":{"line":592,"column":589}},"592":{"start":{"line":593,"column":0},"end":{"line":593,"column":11}},"593":{"start":{"line":594,"column":0},"end":{"line":594,"column":28}},"594":{"start":{"line":595,"column":0},"end":{"line":595,"column":2}},"595":{"start":{"line":596,"column":0},"end":{"line":596,"column":66}},"596":{"start":{"line":597,"column":0},"end":{"line":597,"column":67}},"597":{"start":{"line":598,"column":0},"end":{"line":598,"column":42}},"598":{"start":{"line":599,"column":0},"end":{"line":599,"column":2}},"599":{"start":{"line":600,"column":0},"end":{"line":600,"column":47}},"600":{"start":{"line":601,"column":0},"end":{"line":601,"column":2}},"601":{"start":{"line":602,"column":0},"end":{"line":602,"column":70}},"602":{"start":{"line":603,"column":0},"end":{"line":603,"column":68}},"603":{"start":{"line":604,"column":0},"end":{"line":604,"column":75}},"604":{"start":{"line":605,"column":0},"end":{"line":605,"column":70}},"605":{"start":{"line":606,"column":0},"end":{"line":606,"column":33}},"606":{"start":{"line":607,"column":0},"end":{"line":607,"column":478}},"607":{"start":{"line":608,"column":0},"end":{"line":608,"column":11}},"608":{"start":{"line":609,"column":0},"end":{"line":609,"column":28}},"609":{"start":{"line":610,"column":0},"end":{"line":610,"column":2}},"610":{"start":{"line":611,"column":0},"end":{"line":611,"column":66}},"611":{"start":{"line":612,"column":0},"end":{"line":612,"column":67}},"612":{"start":{"line":613,"column":0},"end":{"line":613,"column":42}},"613":{"start":{"line":614,"column":0},"end":{"line":614,"column":2}},"614":{"start":{"line":615,"column":0},"end":{"line":615,"column":47}},"615":{"start":{"line":616,"column":0},"end":{"line":616,"column":2}},"616":{"start":{"line":617,"column":0},"end":{"line":617,"column":70}},"617":{"start":{"line":618,"column":0},"end":{"line":618,"column":68}},"618":{"start":{"line":619,"column":0},"end":{"line":619,"column":75}},"619":{"start":{"line":620,"column":0},"end":{"line":620,"column":70}},"620":{"start":{"line":621,"column":0},"end":{"line":621,"column":33}},"621":{"start":{"line":622,"column":0},"end":{"line":622,"column":27}},"622":{"start":{"line":623,"column":0},"end":{"line":623,"column":11}},"623":{"start":{"line":624,"column":0},"end":{"line":624,"column":28}},"624":{"start":{"line":625,"column":0},"end":{"line":625,"column":2}},"625":{"start":{"line":626,"column":0},"end":{"line":626,"column":66}},"626":{"start":{"line":627,"column":0},"end":{"line":627,"column":67}},"627":{"start":{"line":628,"column":0},"end":{"line":628,"column":42}},"628":{"start":{"line":629,"column":0},"end":{"line":629,"column":2}},"629":{"start":{"line":630,"column":0},"end":{"line":630,"column":47}},"630":{"start":{"line":631,"column":0},"end":{"line":631,"column":2}},"631":{"start":{"line":632,"column":0},"end":{"line":632,"column":70}},"632":{"start":{"line":633,"column":0},"end":{"line":633,"column":68}},"633":{"start":{"line":634,"column":0},"end":{"line":634,"column":75}},"634":{"start":{"line":635,"column":0},"end":{"line":635,"column":70}},"635":{"start":{"line":636,"column":0},"end":{"line":636,"column":33}},"636":{"start":{"line":637,"column":0},"end":{"line":637,"column":3366}},"637":{"start":{"line":638,"column":0},"end":{"line":638,"column":11}},"638":{"start":{"line":639,"column":0},"end":{"line":639,"column":28}},"639":{"start":{"line":640,"column":0},"end":{"line":640,"column":2}},"640":{"start":{"line":641,"column":0},"end":{"line":641,"column":66}},"641":{"start":{"line":642,"column":0},"end":{"line":642,"column":67}},"642":{"start":{"line":643,"column":0},"end":{"line":643,"column":42}},"643":{"start":{"line":644,"column":0},"end":{"line":644,"column":2}},"644":{"start":{"line":645,"column":0},"end":{"line":645,"column":47}},"645":{"start":{"line":646,"column":0},"end":{"line":646,"column":2}},"646":{"start":{"line":647,"column":0},"end":{"line":647,"column":70}},"647":{"start":{"line":648,"column":0},"end":{"line":648,"column":68}},"648":{"start":{"line":649,"column":0},"end":{"line":649,"column":75}},"649":{"start":{"line":650,"column":0},"end":{"line":650,"column":70}},"650":{"start":{"line":651,"column":0},"end":{"line":651,"column":33}},"651":{"start":{"line":652,"column":0},"end":{"line":652,"column":546}},"652":{"start":{"line":653,"column":0},"end":{"line":653,"column":11}},"653":{"start":{"line":654,"column":0},"end":{"line":654,"column":28}},"654":{"start":{"line":655,"column":0},"end":{"line":655,"column":2}},"655":{"start":{"line":656,"column":0},"end":{"line":656,"column":66}},"656":{"start":{"line":657,"column":0},"end":{"line":657,"column":67}},"657":{"start":{"line":658,"column":0},"end":{"line":658,"column":42}},"658":{"start":{"line":659,"column":0},"end":{"line":659,"column":2}},"659":{"start":{"line":660,"column":0},"end":{"line":660,"column":47}},"660":{"start":{"line":661,"column":0},"end":{"line":661,"column":2}},"661":{"start":{"line":662,"column":0},"end":{"line":662,"column":70}},"662":{"start":{"line":663,"column":0},"end":{"line":663,"column":68}},"663":{"start":{"line":664,"column":0},"end":{"line":664,"column":75}},"664":{"start":{"line":665,"column":0},"end":{"line":665,"column":70}},"665":{"start":{"line":666,"column":0},"end":{"line":666,"column":33}},"666":{"start":{"line":667,"column":0},"end":{"line":667,"column":4855}},"667":{"start":{"line":668,"column":0},"end":{"line":668,"column":11}},"668":{"start":{"line":669,"column":0},"end":{"line":669,"column":28}},"669":{"start":{"line":670,"column":0},"end":{"line":670,"column":2}},"670":{"start":{"line":671,"column":0},"end":{"line":671,"column":66}},"671":{"start":{"line":672,"column":0},"end":{"line":672,"column":67}},"672":{"start":{"line":673,"column":0},"end":{"line":673,"column":42}},"673":{"start":{"line":674,"column":0},"end":{"line":674,"column":2}},"674":{"start":{"line":675,"column":0},"end":{"line":675,"column":47}},"675":{"start":{"line":676,"column":0},"end":{"line":676,"column":2}},"676":{"start":{"line":677,"column":0},"end":{"line":677,"column":70}},"677":{"start":{"line":678,"column":0},"end":{"line":678,"column":68}},"678":{"start":{"line":679,"column":0},"end":{"line":679,"column":75}},"679":{"start":{"line":680,"column":0},"end":{"line":680,"column":70}},"680":{"start":{"line":681,"column":0},"end":{"line":681,"column":33}},"681":{"start":{"line":682,"column":0},"end":{"line":682,"column":350}},"682":{"start":{"line":683,"column":0},"end":{"line":683,"column":11}},"683":{"start":{"line":684,"column":0},"end":{"line":684,"column":28}},"684":{"start":{"line":685,"column":0},"end":{"line":685,"column":2}},"685":{"start":{"line":686,"column":0},"end":{"line":686,"column":66}},"686":{"start":{"line":687,"column":0},"end":{"line":687,"column":67}},"687":{"start":{"line":688,"column":0},"end":{"line":688,"column":42}},"688":{"start":{"line":689,"column":0},"end":{"line":689,"column":2}},"689":{"start":{"line":690,"column":0},"end":{"line":690,"column":47}},"690":{"start":{"line":691,"column":0},"end":{"line":691,"column":2}},"691":{"start":{"line":692,"column":0},"end":{"line":692,"column":70}},"692":{"start":{"line":693,"column":0},"end":{"line":693,"column":68}},"693":{"start":{"line":694,"column":0},"end":{"line":694,"column":75}},"694":{"start":{"line":695,"column":0},"end":{"line":695,"column":70}},"695":{"start":{"line":696,"column":0},"end":{"line":696,"column":33}},"696":{"start":{"line":697,"column":0},"end":{"line":697,"column":748}},"697":{"start":{"line":698,"column":0},"end":{"line":698,"column":11}},"698":{"start":{"line":699,"column":0},"end":{"line":699,"column":28}},"699":{"start":{"line":700,"column":0},"end":{"line":700,"column":2}},"700":{"start":{"line":701,"column":0},"end":{"line":701,"column":66}},"701":{"start":{"line":702,"column":0},"end":{"line":702,"column":67}},"702":{"start":{"line":703,"column":0},"end":{"line":703,"column":42}},"703":{"start":{"line":704,"column":0},"end":{"line":704,"column":2}},"704":{"start":{"line":705,"column":0},"end":{"line":705,"column":47}},"705":{"start":{"line":706,"column":0},"end":{"line":706,"column":2}},"706":{"start":{"line":707,"column":0},"end":{"line":707,"column":70}},"707":{"start":{"line":708,"column":0},"end":{"line":708,"column":68}},"708":{"start":{"line":709,"column":0},"end":{"line":709,"column":75}},"709":{"start":{"line":710,"column":0},"end":{"line":710,"column":70}},"710":{"start":{"line":711,"column":0},"end":{"line":711,"column":33}},"711":{"start":{"line":712,"column":0},"end":{"line":712,"column":592}},"712":{"start":{"line":713,"column":0},"end":{"line":713,"column":11}},"713":{"start":{"line":714,"column":0},"end":{"line":714,"column":28}},"714":{"start":{"line":715,"column":0},"end":{"line":715,"column":2}},"715":{"start":{"line":716,"column":0},"end":{"line":716,"column":66}},"716":{"start":{"line":717,"column":0},"end":{"line":717,"column":67}},"717":{"start":{"line":718,"column":0},"end":{"line":718,"column":42}},"718":{"start":{"line":719,"column":0},"end":{"line":719,"column":2}},"719":{"start":{"line":720,"column":0},"end":{"line":720,"column":47}},"720":{"start":{"line":721,"column":0},"end":{"line":721,"column":2}},"721":{"start":{"line":722,"column":0},"end":{"line":722,"column":70}},"722":{"start":{"line":723,"column":0},"end":{"line":723,"column":68}},"723":{"start":{"line":724,"column":0},"end":{"line":724,"column":75}},"724":{"start":{"line":725,"column":0},"end":{"line":725,"column":70}},"725":{"start":{"line":726,"column":0},"end":{"line":726,"column":33}},"726":{"start":{"line":727,"column":0},"end":{"line":727,"column":589}},"727":{"start":{"line":728,"column":0},"end":{"line":728,"column":11}},"728":{"start":{"line":729,"column":0},"end":{"line":729,"column":28}},"729":{"start":{"line":730,"column":0},"end":{"line":730,"column":2}},"730":{"start":{"line":731,"column":0},"end":{"line":731,"column":66}},"731":{"start":{"line":732,"column":0},"end":{"line":732,"column":67}},"732":{"start":{"line":733,"column":0},"end":{"line":733,"column":42}},"733":{"start":{"line":734,"column":0},"end":{"line":734,"column":2}},"734":{"start":{"line":735,"column":0},"end":{"line":735,"column":47}},"735":{"start":{"line":736,"column":0},"end":{"line":736,"column":2}},"736":{"start":{"line":737,"column":0},"end":{"line":737,"column":70}},"737":{"start":{"line":738,"column":0},"end":{"line":738,"column":68}},"738":{"start":{"line":739,"column":0},"end":{"line":739,"column":75}},"739":{"start":{"line":740,"column":0},"end":{"line":740,"column":70}},"740":{"start":{"line":741,"column":0},"end":{"line":741,"column":33}},"741":{"start":{"line":742,"column":0},"end":{"line":742,"column":1287}},"742":{"start":{"line":743,"column":0},"end":{"line":743,"column":11}},"743":{"start":{"line":744,"column":0},"end":{"line":744,"column":28}},"744":{"start":{"line":745,"column":0},"end":{"line":745,"column":2}},"745":{"start":{"line":746,"column":0},"end":{"line":746,"column":66}},"746":{"start":{"line":747,"column":0},"end":{"line":747,"column":67}},"747":{"start":{"line":748,"column":0},"end":{"line":748,"column":42}},"748":{"start":{"line":749,"column":0},"end":{"line":749,"column":2}},"749":{"start":{"line":750,"column":0},"end":{"line":750,"column":47}},"750":{"start":{"line":751,"column":0},"end":{"line":751,"column":2}},"751":{"start":{"line":752,"column":0},"end":{"line":752,"column":70}},"752":{"start":{"line":753,"column":0},"end":{"line":753,"column":68}},"753":{"start":{"line":754,"column":0},"end":{"line":754,"column":75}},"754":{"start":{"line":755,"column":0},"end":{"line":755,"column":70}},"755":{"start":{"line":756,"column":0},"end":{"line":756,"column":33}},"756":{"start":{"line":757,"column":0},"end":{"line":757,"column":854}},"757":{"start":{"line":758,"column":0},"end":{"line":758,"column":11}},"758":{"start":{"line":759,"column":0},"end":{"line":759,"column":28}},"759":{"start":{"line":760,"column":0},"end":{"line":760,"column":2}},"760":{"start":{"line":761,"column":0},"end":{"line":761,"column":66}},"761":{"start":{"line":762,"column":0},"end":{"line":762,"column":67}},"762":{"start":{"line":763,"column":0},"end":{"line":763,"column":42}},"763":{"start":{"line":764,"column":0},"end":{"line":764,"column":2}},"764":{"start":{"line":765,"column":0},"end":{"line":765,"column":47}},"765":{"start":{"line":766,"column":0},"end":{"line":766,"column":2}},"766":{"start":{"line":767,"column":0},"end":{"line":767,"column":70}},"767":{"start":{"line":768,"column":0},"end":{"line":768,"column":68}},"768":{"start":{"line":769,"column":0},"end":{"line":769,"column":75}},"769":{"start":{"line":770,"column":0},"end":{"line":770,"column":70}},"770":{"start":{"line":771,"column":0},"end":{"line":771,"column":33}},"771":{"start":{"line":772,"column":0},"end":{"line":772,"column":1102}},"772":{"start":{"line":773,"column":0},"end":{"line":773,"column":11}},"773":{"start":{"line":774,"column":0},"end":{"line":774,"column":28}},"774":{"start":{"line":775,"column":0},"end":{"line":775,"column":2}},"775":{"start":{"line":776,"column":0},"end":{"line":776,"column":66}},"776":{"start":{"line":777,"column":0},"end":{"line":777,"column":67}},"777":{"start":{"line":778,"column":0},"end":{"line":778,"column":42}},"778":{"start":{"line":779,"column":0},"end":{"line":779,"column":2}},"779":{"start":{"line":780,"column":0},"end":{"line":780,"column":47}},"780":{"start":{"line":781,"column":0},"end":{"line":781,"column":2}},"781":{"start":{"line":782,"column":0},"end":{"line":782,"column":70}},"782":{"start":{"line":783,"column":0},"end":{"line":783,"column":68}},"783":{"start":{"line":784,"column":0},"end":{"line":784,"column":75}},"784":{"start":{"line":785,"column":0},"end":{"line":785,"column":70}},"785":{"start":{"line":786,"column":0},"end":{"line":786,"column":33}},"786":{"start":{"line":787,"column":0},"end":{"line":787,"column":904}},"787":{"start":{"line":788,"column":0},"end":{"line":788,"column":11}},"788":{"start":{"line":789,"column":0},"end":{"line":789,"column":28}},"789":{"start":{"line":790,"column":0},"end":{"line":790,"column":2}},"790":{"start":{"line":791,"column":0},"end":{"line":791,"column":66}},"791":{"start":{"line":792,"column":0},"end":{"line":792,"column":67}},"792":{"start":{"line":793,"column":0},"end":{"line":793,"column":42}},"793":{"start":{"line":794,"column":0},"end":{"line":794,"column":2}},"794":{"start":{"line":795,"column":0},"end":{"line":795,"column":47}},"795":{"start":{"line":796,"column":0},"end":{"line":796,"column":2}},"796":{"start":{"line":797,"column":0},"end":{"line":797,"column":70}},"797":{"start":{"line":798,"column":0},"end":{"line":798,"column":68}},"798":{"start":{"line":799,"column":0},"end":{"line":799,"column":75}},"799":{"start":{"line":800,"column":0},"end":{"line":800,"column":70}},"800":{"start":{"line":801,"column":0},"end":{"line":801,"column":33}},"801":{"start":{"line":802,"column":0},"end":{"line":802,"column":2854}},"802":{"start":{"line":803,"column":0},"end":{"line":803,"column":11}},"803":{"start":{"line":804,"column":0},"end":{"line":804,"column":28}},"804":{"start":{"line":805,"column":0},"end":{"line":805,"column":2}},"805":{"start":{"line":806,"column":0},"end":{"line":806,"column":66}},"806":{"start":{"line":807,"column":0},"end":{"line":807,"column":67}},"807":{"start":{"line":808,"column":0},"end":{"line":808,"column":42}},"808":{"start":{"line":809,"column":0},"end":{"line":809,"column":2}},"809":{"start":{"line":810,"column":0},"end":{"line":810,"column":47}},"810":{"start":{"line":811,"column":0},"end":{"line":811,"column":2}},"811":{"start":{"line":812,"column":0},"end":{"line":812,"column":70}},"812":{"start":{"line":813,"column":0},"end":{"line":813,"column":68}},"813":{"start":{"line":814,"column":0},"end":{"line":814,"column":75}},"814":{"start":{"line":815,"column":0},"end":{"line":815,"column":70}},"815":{"start":{"line":816,"column":0},"end":{"line":816,"column":33}},"816":{"start":{"line":817,"column":0},"end":{"line":817,"column":214}},"817":{"start":{"line":818,"column":0},"end":{"line":818,"column":11}},"818":{"start":{"line":819,"column":0},"end":{"line":819,"column":28}},"819":{"start":{"line":820,"column":0},"end":{"line":820,"column":2}},"820":{"start":{"line":821,"column":0},"end":{"line":821,"column":66}},"821":{"start":{"line":822,"column":0},"end":{"line":822,"column":67}},"822":{"start":{"line":823,"column":0},"end":{"line":823,"column":42}},"823":{"start":{"line":824,"column":0},"end":{"line":824,"column":2}},"824":{"start":{"line":825,"column":0},"end":{"line":825,"column":47}},"825":{"start":{"line":826,"column":0},"end":{"line":826,"column":2}},"826":{"start":{"line":827,"column":0},"end":{"line":827,"column":70}},"827":{"start":{"line":828,"column":0},"end":{"line":828,"column":68}},"828":{"start":{"line":829,"column":0},"end":{"line":829,"column":75}},"829":{"start":{"line":830,"column":0},"end":{"line":830,"column":70}},"830":{"start":{"line":831,"column":0},"end":{"line":831,"column":33}},"831":{"start":{"line":832,"column":0},"end":{"line":832,"column":75}},"832":{"start":{"line":833,"column":0},"end":{"line":833,"column":11}},"833":{"start":{"line":834,"column":0},"end":{"line":834,"column":28}},"834":{"start":{"line":835,"column":0},"end":{"line":835,"column":2}},"835":{"start":{"line":836,"column":0},"end":{"line":836,"column":66}},"836":{"start":{"line":837,"column":0},"end":{"line":837,"column":67}},"837":{"start":{"line":838,"column":0},"end":{"line":838,"column":42}},"838":{"start":{"line":839,"column":0},"end":{"line":839,"column":2}},"839":{"start":{"line":840,"column":0},"end":{"line":840,"column":47}},"840":{"start":{"line":841,"column":0},"end":{"line":841,"column":2}},"841":{"start":{"line":842,"column":0},"end":{"line":842,"column":70}},"842":{"start":{"line":843,"column":0},"end":{"line":843,"column":68}},"843":{"start":{"line":844,"column":0},"end":{"line":844,"column":75}},"844":{"start":{"line":845,"column":0},"end":{"line":845,"column":70}},"845":{"start":{"line":846,"column":0},"end":{"line":846,"column":33}},"846":{"start":{"line":847,"column":0},"end":{"line":847,"column":37}},"847":{"start":{"line":848,"column":0},"end":{"line":848,"column":11}},"848":{"start":{"line":849,"column":0},"end":{"line":849,"column":28}},"849":{"start":{"line":850,"column":0},"end":{"line":850,"column":2}},"850":{"start":{"line":851,"column":0},"end":{"line":851,"column":66}},"851":{"start":{"line":852,"column":0},"end":{"line":852,"column":67}},"852":{"start":{"line":853,"column":0},"end":{"line":853,"column":42}},"853":{"start":{"line":854,"column":0},"end":{"line":854,"column":2}},"854":{"start":{"line":855,"column":0},"end":{"line":855,"column":47}},"855":{"start":{"line":856,"column":0},"end":{"line":856,"column":2}},"856":{"start":{"line":857,"column":0},"end":{"line":857,"column":70}},"857":{"start":{"line":858,"column":0},"end":{"line":858,"column":68}},"858":{"start":{"line":859,"column":0},"end":{"line":859,"column":75}},"859":{"start":{"line":860,"column":0},"end":{"line":860,"column":70}},"860":{"start":{"line":861,"column":0},"end":{"line":861,"column":33}},"861":{"start":{"line":862,"column":0},"end":{"line":862,"column":433}},"862":{"start":{"line":863,"column":0},"end":{"line":863,"column":11}},"863":{"start":{"line":864,"column":0},"end":{"line":864,"column":28}},"864":{"start":{"line":865,"column":0},"end":{"line":865,"column":2}},"865":{"start":{"line":866,"column":0},"end":{"line":866,"column":66}},"866":{"start":{"line":867,"column":0},"end":{"line":867,"column":67}},"867":{"start":{"line":868,"column":0},"end":{"line":868,"column":42}},"868":{"start":{"line":869,"column":0},"end":{"line":869,"column":2}},"869":{"start":{"line":870,"column":0},"end":{"line":870,"column":47}},"870":{"start":{"line":871,"column":0},"end":{"line":871,"column":2}},"871":{"start":{"line":872,"column":0},"end":{"line":872,"column":70}},"872":{"start":{"line":873,"column":0},"end":{"line":873,"column":68}},"873":{"start":{"line":874,"column":0},"end":{"line":874,"column":75}},"874":{"start":{"line":875,"column":0},"end":{"line":875,"column":70}},"875":{"start":{"line":876,"column":0},"end":{"line":876,"column":33}},"876":{"start":{"line":877,"column":0},"end":{"line":877,"column":212}},"877":{"start":{"line":878,"column":0},"end":{"line":878,"column":11}},"878":{"start":{"line":879,"column":0},"end":{"line":879,"column":28}},"879":{"start":{"line":880,"column":0},"end":{"line":880,"column":2}},"880":{"start":{"line":881,"column":0},"end":{"line":881,"column":66}},"881":{"start":{"line":882,"column":0},"end":{"line":882,"column":67}},"882":{"start":{"line":883,"column":0},"end":{"line":883,"column":42}},"883":{"start":{"line":884,"column":0},"end":{"line":884,"column":2}},"884":{"start":{"line":885,"column":0},"end":{"line":885,"column":47}},"885":{"start":{"line":886,"column":0},"end":{"line":886,"column":2}},"886":{"start":{"line":887,"column":0},"end":{"line":887,"column":70}},"887":{"start":{"line":888,"column":0},"end":{"line":888,"column":68}},"888":{"start":{"line":889,"column":0},"end":{"line":889,"column":75}},"889":{"start":{"line":890,"column":0},"end":{"line":890,"column":70}},"890":{"start":{"line":891,"column":0},"end":{"line":891,"column":33}},"891":{"start":{"line":892,"column":0},"end":{"line":892,"column":254}},"892":{"start":{"line":893,"column":0},"end":{"line":893,"column":11}},"893":{"start":{"line":894,"column":0},"end":{"line":894,"column":28}},"894":{"start":{"line":895,"column":0},"end":{"line":895,"column":2}},"895":{"start":{"line":896,"column":0},"end":{"line":896,"column":66}},"896":{"start":{"line":897,"column":0},"end":{"line":897,"column":67}},"897":{"start":{"line":898,"column":0},"end":{"line":898,"column":42}},"898":{"start":{"line":899,"column":0},"end":{"line":899,"column":2}},"899":{"start":{"line":900,"column":0},"end":{"line":900,"column":47}},"900":{"start":{"line":901,"column":0},"end":{"line":901,"column":2}},"901":{"start":{"line":902,"column":0},"end":{"line":902,"column":70}},"902":{"start":{"line":903,"column":0},"end":{"line":903,"column":68}},"903":{"start":{"line":904,"column":0},"end":{"line":904,"column":75}},"904":{"start":{"line":905,"column":0},"end":{"line":905,"column":70}},"905":{"start":{"line":906,"column":0},"end":{"line":906,"column":33}},"906":{"start":{"line":907,"column":0},"end":{"line":907,"column":4471}},"907":{"start":{"line":908,"column":0},"end":{"line":908,"column":11}},"908":{"start":{"line":909,"column":0},"end":{"line":909,"column":28}},"909":{"start":{"line":910,"column":0},"end":{"line":910,"column":2}},"910":{"start":{"line":911,"column":0},"end":{"line":911,"column":66}},"911":{"start":{"line":912,"column":0},"end":{"line":912,"column":67}},"912":{"start":{"line":913,"column":0},"end":{"line":913,"column":42}},"913":{"start":{"line":914,"column":0},"end":{"line":914,"column":2}},"914":{"start":{"line":915,"column":0},"end":{"line":915,"column":47}},"915":{"start":{"line":916,"column":0},"end":{"line":916,"column":2}},"916":{"start":{"line":917,"column":0},"end":{"line":917,"column":70}},"917":{"start":{"line":918,"column":0},"end":{"line":918,"column":68}},"918":{"start":{"line":919,"column":0},"end":{"line":919,"column":75}},"919":{"start":{"line":920,"column":0},"end":{"line":920,"column":70}},"920":{"start":{"line":921,"column":0},"end":{"line":921,"column":33}},"921":{"start":{"line":922,"column":0},"end":{"line":922,"column":630}},"922":{"start":{"line":923,"column":0},"end":{"line":923,"column":11}},"923":{"start":{"line":924,"column":0},"end":{"line":924,"column":28}},"924":{"start":{"line":925,"column":0},"end":{"line":925,"column":2}},"925":{"start":{"line":926,"column":0},"end":{"line":926,"column":66}},"926":{"start":{"line":927,"column":0},"end":{"line":927,"column":67}},"927":{"start":{"line":928,"column":0},"end":{"line":928,"column":42}},"928":{"start":{"line":929,"column":0},"end":{"line":929,"column":2}},"929":{"start":{"line":930,"column":0},"end":{"line":930,"column":47}},"930":{"start":{"line":931,"column":0},"end":{"line":931,"column":2}},"931":{"start":{"line":932,"column":0},"end":{"line":932,"column":70}},"932":{"start":{"line":933,"column":0},"end":{"line":933,"column":68}},"933":{"start":{"line":934,"column":0},"end":{"line":934,"column":75}},"934":{"start":{"line":935,"column":0},"end":{"line":935,"column":70}},"935":{"start":{"line":936,"column":0},"end":{"line":936,"column":33}},"936":{"start":{"line":937,"column":0},"end":{"line":937,"column":1675}},"937":{"start":{"line":938,"column":0},"end":{"line":938,"column":11}},"938":{"start":{"line":939,"column":0},"end":{"line":939,"column":28}},"939":{"start":{"line":940,"column":0},"end":{"line":940,"column":2}},"940":{"start":{"line":941,"column":0},"end":{"line":941,"column":66}},"941":{"start":{"line":942,"column":0},"end":{"line":942,"column":67}},"942":{"start":{"line":943,"column":0},"end":{"line":943,"column":42}},"943":{"start":{"line":944,"column":0},"end":{"line":944,"column":2}},"944":{"start":{"line":945,"column":0},"end":{"line":945,"column":47}},"945":{"start":{"line":946,"column":0},"end":{"line":946,"column":2}},"946":{"start":{"line":947,"column":0},"end":{"line":947,"column":70}},"947":{"start":{"line":948,"column":0},"end":{"line":948,"column":68}},"948":{"start":{"line":949,"column":0},"end":{"line":949,"column":75}},"949":{"start":{"line":950,"column":0},"end":{"line":950,"column":70}},"950":{"start":{"line":951,"column":0},"end":{"line":951,"column":33}},"951":{"start":{"line":952,"column":0},"end":{"line":952,"column":183}},"952":{"start":{"line":953,"column":0},"end":{"line":953,"column":11}},"953":{"start":{"line":954,"column":0},"end":{"line":954,"column":28}},"954":{"start":{"line":955,"column":0},"end":{"line":955,"column":2}},"955":{"start":{"line":956,"column":0},"end":{"line":956,"column":66}},"956":{"start":{"line":957,"column":0},"end":{"line":957,"column":67}},"957":{"start":{"line":958,"column":0},"end":{"line":958,"column":42}},"958":{"start":{"line":959,"column":0},"end":{"line":959,"column":2}},"959":{"start":{"line":960,"column":0},"end":{"line":960,"column":47}},"960":{"start":{"line":961,"column":0},"end":{"line":961,"column":2}},"961":{"start":{"line":962,"column":0},"end":{"line":962,"column":70}},"962":{"start":{"line":963,"column":0},"end":{"line":963,"column":68}},"963":{"start":{"line":964,"column":0},"end":{"line":964,"column":75}},"964":{"start":{"line":965,"column":0},"end":{"line":965,"column":70}},"965":{"start":{"line":966,"column":0},"end":{"line":966,"column":33}},"966":{"start":{"line":967,"column":0},"end":{"line":967,"column":1404}},"967":{"start":{"line":968,"column":0},"end":{"line":968,"column":11}},"968":{"start":{"line":969,"column":0},"end":{"line":969,"column":28}},"969":{"start":{"line":970,"column":0},"end":{"line":970,"column":2}},"970":{"start":{"line":971,"column":0},"end":{"line":971,"column":66}},"971":{"start":{"line":972,"column":0},"end":{"line":972,"column":67}},"972":{"start":{"line":973,"column":0},"end":{"line":973,"column":42}},"973":{"start":{"line":974,"column":0},"end":{"line":974,"column":2}},"974":{"start":{"line":975,"column":0},"end":{"line":975,"column":47}},"975":{"start":{"line":976,"column":0},"end":{"line":976,"column":2}},"976":{"start":{"line":977,"column":0},"end":{"line":977,"column":70}},"977":{"start":{"line":978,"column":0},"end":{"line":978,"column":68}},"978":{"start":{"line":979,"column":0},"end":{"line":979,"column":75}},"979":{"start":{"line":980,"column":0},"end":{"line":980,"column":70}},"980":{"start":{"line":981,"column":0},"end":{"line":981,"column":33}},"981":{"start":{"line":982,"column":0},"end":{"line":982,"column":171}},"982":{"start":{"line":983,"column":0},"end":{"line":983,"column":11}},"983":{"start":{"line":984,"column":0},"end":{"line":984,"column":28}},"984":{"start":{"line":985,"column":0},"end":{"line":985,"column":2}},"985":{"start":{"line":986,"column":0},"end":{"line":986,"column":66}},"986":{"start":{"line":987,"column":0},"end":{"line":987,"column":67}},"987":{"start":{"line":988,"column":0},"end":{"line":988,"column":42}},"988":{"start":{"line":989,"column":0},"end":{"line":989,"column":2}},"989":{"start":{"line":990,"column":0},"end":{"line":990,"column":47}},"990":{"start":{"line":991,"column":0},"end":{"line":991,"column":2}},"991":{"start":{"line":992,"column":0},"end":{"line":992,"column":70}},"992":{"start":{"line":993,"column":0},"end":{"line":993,"column":68}},"993":{"start":{"line":994,"column":0},"end":{"line":994,"column":75}},"994":{"start":{"line":995,"column":0},"end":{"line":995,"column":70}},"995":{"start":{"line":996,"column":0},"end":{"line":996,"column":33}},"996":{"start":{"line":997,"column":0},"end":{"line":997,"column":167}},"997":{"start":{"line":998,"column":0},"end":{"line":998,"column":11}},"998":{"start":{"line":999,"column":0},"end":{"line":999,"column":28}},"999":{"start":{"line":1000,"column":0},"end":{"line":1000,"column":2}},"1000":{"start":{"line":1001,"column":0},"end":{"line":1001,"column":66}},"1001":{"start":{"line":1002,"column":0},"end":{"line":1002,"column":67}},"1002":{"start":{"line":1003,"column":0},"end":{"line":1003,"column":42}},"1003":{"start":{"line":1004,"column":0},"end":{"line":1004,"column":2}},"1004":{"start":{"line":1005,"column":0},"end":{"line":1005,"column":47}},"1005":{"start":{"line":1006,"column":0},"end":{"line":1006,"column":2}},"1006":{"start":{"line":1007,"column":0},"end":{"line":1007,"column":70}},"1007":{"start":{"line":1008,"column":0},"end":{"line":1008,"column":68}},"1008":{"start":{"line":1009,"column":0},"end":{"line":1009,"column":75}},"1009":{"start":{"line":1010,"column":0},"end":{"line":1010,"column":70}},"1010":{"start":{"line":1011,"column":0},"end":{"line":1011,"column":33}},"1011":{"start":{"line":1012,"column":0},"end":{"line":1012,"column":697}},"1012":{"start":{"line":1013,"column":0},"end":{"line":1013,"column":11}},"1013":{"start":{"line":1014,"column":0},"end":{"line":1014,"column":28}},"1014":{"start":{"line":1015,"column":0},"end":{"line":1015,"column":2}},"10
[...]
umn":0},"end":{"line":16,"column":1}},"16":{"start":{"line":17,"column":0},"end":{"line":17,"column":0}},"17":{"start":{"line":18,"column":0},"end":{"line":18,"column":24}},"18":{"start":{"line":19,"column":0},"end":{"line":19,"column":36}},"19":{"start":{"line":20,"column":0},"end":{"line":20,"column":25}},"20":{"start":{"line":21,"column":0},"end":{"line":21,"column":0}},"21":{"start":{"line":22,"column":0},"end":{"line":22,"column":41}},"22":{"start":{"line":23,"column":0},"end":{"line":23,"column":22}},"23":{"start":{"line":24,"column":0},"end":{"line":24,"column":61}},"24":{"start":{"line":25,"column":0},"end":{"line":25,"column":21}},"25":{"start":{"line":26,"column":0},"end":{"line":26,"column":68}},"26":{"start":{"line":27,"column":0},"end":{"line":27,"column":30}},"27":{"start":{"line":28,"column":0},"end":{"line":28,"column":10}},"28":{"start":{"line":29,"column":0},"end":{"line":29,"column":10}},"29":{"start":{"line":30,"column":0},"end":{"line":30,"column":0}},"30":{"start":{"line":31,"column":0},"end":{"line":31,"column":63}},"31":{"start":{"line":32,"column":0},"end":{"line":32,"column":20}},"32":{"start":{"line":33,"column":0},"end":{"line":33,"column":0}},"33":{"start":{"line":34,"column":0},"end":{"line":34,"column":43}},"34":{"start":{"line":35,"column":0},"end":{"line":35,"column":41}},"35":{"start":{"line":36,"column":0},"end":{"line":36,"column":74}},"36":{"start":{"line":37,"column":0},"end":{"line":37,"column":53}},"37":{"start":{"line":38,"column":0},"end":{"line":38,"column":0}},"38":{"start":{"line":39,"column":0},"end":{"line":39,"column":98}},"39":{"start":{"line":40,"column":0},"end":{"line":40,"column":27}},"40":{"start":{"line":41,"column":0},"end":{"line":41,"column":21}},"41":{"start":{"line":42,"column":0},"end":{"line":42,"column":38}},"42":{"start":{"line":43,"column":0},"end":{"line":43,"column":24}},"43":{"start":{"line":44,"column":0},"end":{"line":44,"column":24}},"44":{"start":{"line":45,"column":0},"end":{"line":45,"column":23}},"45":{"start":{"line":46,"column":0},"end":{"line":46,"column":12}},"46":{"start":{"line":47,"column":0},"end":{"line":47,"column":6}},"47":{"start":{"line":48,"column":0},"end":{"line":48,"column":0}},"48":{"start":{"line":49,"column":0},"end":{"line":49,"column":25}},"49":{"start":{"line":50,"column":0},"end":{"line":50,"column":0}},"50":{"start":{"line":51,"column":0},"end":{"line":51,"column":68}},"51":{"start":{"line":52,"column":0},"end":{"line":52,"column":38}},"52":{"start":{"line":53,"column":0},"end":{"line":53,"column":45}},"53":{"start":{"line":54,"column":0},"end":{"line":54,"column":0}},"54":{"start":{"line":55,"column":0},"end":{"line":55,"column":22}},"55":{"start":{"line":56,"column":0},"end":{"line":56,"column":4}},"56":{"start":{"line":57,"column":0},"end":{"line":57,"column":0}},"57":{"start":{"line":58,"column":0},"end":{"line":58,"column":51}},"58":{"start":{"line":59,"column":0},"end":{"line":59,"column":0}},"59":{"start":{"line":60,"column":0},"end":{"line":60,"column":42}},"60":{"start":{"line":61,"column":0},"end":{"line":61,"column":34}},"61":{"start":{"line":62,"column":0},"end":{"line":62,"column":4}},"62":{"start":{"line":63,"column":0},"end":{"line":63,"column":0}},"63":{"start":{"line":64,"column":0},"end":{"line":64,"column":40}},"64":{"start":{"line":65,"column":0},"end":{"line":65,"column":35}},"65":{"start":{"line":66,"column":0},"end":{"line":66,"column":4}},"66":{"start":{"line":67,"column":0},"end":{"line":67,"column":0}},"67":{"start":{"line":68,"column":0},"end":{"line":68,"column":44}},"68":{"start":{"line":69,"column":0},"end":{"line":69,"column":35}},"69":{"start":{"line":70,"column":0},"end":{"line":70,"column":4}},"70":{"start":{"line":71,"column":0},"end":{"line":71,"column":0}},"71":{"start":{"line":72,"column":0},"end":{"line":72,"column":39}},"72":{"start":{"line":73,"column":0},"end":{"line":73,"column":35}},"73":{"start":{"line":74,"column":0},"end":{"line":74,"column":22}},"74":{"start":{"line":75,"column":0},"end":{"line":75,"column":3}},"75":{"start":{"line":76,"column":0},"end":{"line":76,"column":0}},"76":{"start":{"line":77,"column":0},"end":{"line":77,"column":38}},"77":{"start":{"line":78,"column":0},"end":{"line":78,"column":26}},"78":{"start":{"line":79,"column":0},"end":{"line":79,"column":0}},"79":{"start":{"line":80,"column":0},"end":{"line":80,"column":23}},"80":{"start":{"line":81,"column":0},"end":{"line":81,"column":22}},"81":{"start":{"line":82,"column":0},"end":{"line":82,"column":15}},"82":{"start":{"line":83,"column":0},"end":{"line":83,"column":15}},"83":{"start":{"line":84,"column":0},"end":{"line":84,"column":6}},"84":{"start":{"line":85,"column":0},"end":{"line":85,"column":0}},"85":{"start":{"line":86,"column":0},"end":{"line":86,"column":84}},"86":{"start":{"line":87,"column":0},"end":{"line":87,"column":4}},"87":{"start":{"line":88,"column":0},"end":{"line":88,"column":0}},"88":{"start":{"line":89,"column":0},"end":{"line":89,"column":19}},"89":{"start":{"line":90,"column":0},"end":{"line":90,"column":28}},"90":{"start":{"line":91,"column":0},"end":{"line":91,"column":63}},"91":{"start":{"line":92,"column":0},"end":{"line":92,"column":39}},"92":{"start":{"line":93,"column":0},"end":{"line":93,"column":22}},"93":{"start":{"line":94,"column":0},"end":{"line":94,"column":42}},"94":{"start":{"line":95,"column":0},"end":{"line":95,"column":28}},"95":{"start":{"line":96,"column":0},"end":{"line":96,"column":7}},"96":{"start":{"line":97,"column":0},"end":{"line":97,"column":7}},"97":{"start":{"line":98,"column":0},"end":{"line":98,"column":0}},"98":{"start":{"line":99,"column":0},"end":{"line":99,"column":18}},"99":{"start":{"line":100,"column":0},"end":{"line":100,"column":22}},"100":{"start":{"line":101,"column":0},"end":{"line":101,"column":6}},"101":{"start":{"line":102,"column":0},"end":{"line":102,"column":9}},"102":{"start":{"line":103,"column":0},"end":{"line":103,"column":0}},"103":{"start":{"line":104,"column":0},"end":{"line":104,"column":44}},"104":{"start":{"line":105,"column":0},"end":{"line":105,"column":41}},"105":{"start":{"line":106,"column":0},"end":{"line":106,"column":63}},"106":{"start":{"line":107,"column":0},"end":{"line":107,"column":39}},"107":{"start":{"line":108,"column":0},"end":{"line":108,"column":22}},"108":{"start":{"line":109,"column":0},"end":{"line":109,"column":34}},"109":{"start":{"line":110,"column":0},"end":{"line":110,"column":23}},"110":{"start":{"line":111,"column":0},"end":{"line":111,"column":32}},"111":{"start":{"line":112,"column":0},"end":{"line":112,"column":12}},"112":{"start":{"line":113,"column":0},"end":{"line":113,"column":7}},"113":{"start":{"line":114,"column":0},"end":{"line":114,"column":7}},"114":{"start":{"line":115,"column":0},"end":{"line":115,"column":0}},"115":{"start":{"line":116,"column":0},"end":{"line":116,"column":18}},"116":{"start":{"line":117,"column":0},"end":{"line":117,"column":22}},"117":{"start":{"line":118,"column":0},"end":{"line":118,"column":6}},"118":{"start":{"line":119,"column":0},"end":{"line":119,"column":4}},"119":{"start":{"line":120,"column":0},"end":{"line":120,"column":0}},"120":{"start":{"line":121,"column":0},"end":{"line":121,"column":19}},"121":{"start":{"line":122,"column":0},"end":{"line":122,"column":35}},"122":{"start":{"line":123,"column":0},"end":{"line":123,"column":35}},"123":{"start":{"line":124,"column":0},"end":{"line":124,"column":7}},"124":{"start":{"line":125,"column":0},"end":{"line":125,"column":15}},"125":{"start":{"line":126,"column":0},"end":{"line":126,"column":0}},"126":{"start":{"line":127,"column":0},"end":{"line":127,"column":10}},"127":{"start":{"line":128,"column":0},"end":{"line":128,"column":34}},"128":{"start":{"line":129,"column":0},"end":{"line":129,"column":92}},"129":{"start":{"line":130,"column":0},"end":{"line":130,"column":45}},"130":{"start":{"line":131,"column":0},"end":{"line":131,"column":66}},"131":{"start":{"line":132,"column":0},"end":{"line":132,"column":0}},"132":{"start":{"line":133,"column":0},"end":{"line":133,"column":45}},"133":{"start":{"line":134,"column":0},"end":{"line":134,"column":65}},"134":{"start":{"line":135,"column":0},"end":{"line":135,"column":29}},"135":{"start":{"line":136,"column":0},"end":{"line":136,"column":30}},"136":{"start":{"line":137,"column":0},"end":{"line":137,"column":52}},"137":{"start":{"line":138,"column":0},"end":{"line":138,"column":61}},"138":{"start":{"line":139,"column":0},"end":{"line":139,"column":18}},"139":{"start":{"line":140,"column":0},"end":{"line":140,"column":15}},"140":{"start":{"line":141,"column":0},"end":{"line":141,"column":0}},"141":{"start":{"line":142,"column":0},"end":{"line":142,"column":69}},"142":{"start":{"line":143,"column":0},"end":{"line":143,"column":50}},"143":{"start":{"line":144,"column":0},"end":{"line":144,"column":36}},"144":{"start":{"line":145,"column":0},"end":{"line":145,"column":72}},"145":{"start":{"line":146,"column":0},"end":{"line":146,"column":36}},"146":{"start":{"line":147,"column":0},"end":{"line":147,"column":61}},"147":{"start":{"line":148,"column":0},"end":{"line":148,"column":33}},"148":{"start":{"line":149,"column":0},"end":{"line":149,"column":33}},"149":{"start":{"line":150,"column":0},"end":{"line":150,"column":56}},"150":{"start":{"line":151,"column":0},"end":{"line":151,"column":42}},"151":{"start":{"line":152,"column":0},"end":{"line":152,"column":42}},"152":{"start":{"line":153,"column":0},"end":{"line":153,"column":52}},"153":{"start":{"line":154,"column":0},"end":{"line":154,"column":47}},"154":{"start":{"line":155,"column":0},"end":{"line":155,"column":96}},"155":{"start":{"line":156,"column":0},"end":{"line":156,"column":52}},"156":{"start":{"line":157,"column":0},"end":{"line":157,"column":58}},"157":{"start":{"line":158,"column":0},"end":{"line":158,"column":26}},"158":{"start":{"line":159,"column":0},"end":{"line":159,"column":28}},"159":{"start":{"line":160,"column":0},"end":{"line":160,"column":21}},"160":{"start":{"line":161,"column":0},"end":{"line":161,"column":19}},"161":{"start":{"line":162,"column":0},"end":{"line":162,"column":0}},"162":{"start":{"line":163,"column":0},"end":{"line":163,"column":42}},"163":{"start":{"line":164,"column":0},"end":{"line":164,"column":21}},"164":{"start":{"line":165,"column":0},"end":{"line":165,"column":32}},"165":{"start":{"line":166,"column":0},"end":{"line":166,"column":78}},"166":{"start":{"line":167,"column":0},"end":{"line":167,"column":45}},"167":{"start":{"line":168,"column":0},"end":{"line":168,"column":18}},"168":{"start":{"line":169,"column":0},"end":{"line":169,"column":27}},"169":{"start":{"line":170,"column":0},"end":{"line":170,"column":0}},"170":{"start":{"line":171,"column":0},"end":{"line":171,"column":40}},"171":{"start":{"line":172,"column":0},"end":{"line":172,"column":28}},"172":{"start":{"line":173,"column":0},"end":{"line":173,"column":50}},"173":{"start":{"line":174,"column":0},"end":{"line":174,"column":59}},"174":{"start":{"line":175,"column":0},"end":{"line":175,"column":16}},"175":{"start":{"line":176,"column":0},"end":{"line":176,"column":18}},"176":{"start":{"line":177,"column":0},"end":{"line":177,"column":13}},"177":{"start":{"line":178,"column":0},"end":{"line":178,"column":14}},"178":{"start":{"line":179,"column":0},"end":{"line":179,"column":12}},"179":{"start":{"line":180,"column":0},"end":{"line":180,"column":37}},"180":{"start":{"line":181,"column":0},"end":{"line":181,"column":14}},"181":{"start":{"line":182,"column":0},"end":{"line":182,"column":37}},"182":{"start":{"line":183,"column":0},"end":{"line":183,"column":39}},"183":{"start":{"line":184,"column":0},"end":{"line":184,"column":47}},"184":{"start":{"line":185,"column":0},"end":{"line":185,"column":31}},"185":{"start":{"line":186,"column":0},"end":{"line":186,"column":44}},"186":{"start":{"line":187,"column":0},"end":{"line":187,"column":9}},"187":{"start":{"line":188,"column":0},"end":{"line":188,"column":15}},"188":{"start":{"line":189,"column":0},"end":{"line":189,"column":63}},"189":{"start":{"line":190,"column":0},"end":{"line":190,"column":35}},"190":{"start":{"line":191,"column":0},"end":{"line":191,"column":132}},"191":{"start":{"line":192,"column":0},"end":{"line":192,"column":114}},"192":{"start":{"line":193,"column":0},"end":{"line":193,"column":18}},"193":{"start":{"line":194,"column":0},"end":{"line":194,"column":16}},"194":{"start":{"line":195,"column":0},"end":{"line":195,"column":16}},"195":{"start":{"line":196,"column":0},"end":{"line":196,"column":12}},"196":{"start":{"line":197,"column":0},"end":{"line":197,"column":10}},"197":{"start":{"line":198,"column":0},"end":{"line":198,"column":4}},"198":{"start":{"line":199,"column":0},"end":{"line":199,"column":2}},"199":{"start":{"line":200,"column":0},"end":{"line":200,"column":0}},"200":{"start":{"line":201,"column":0},"end":{"line":201,"column":24}}},"s":{"0":1,"1":1,"2":1,"3":1,"4":1,"5":1,"6":36,"7":36,"8":36,"9":36,"10":36,"11":36,"12":36,"13":36,"14":36,"15":36,"16":1,"17":1,"18":8,"19":8,"20":8,"21":8,"22":8,"23":8,"24":8,"25":8,"26":8,"27":8,"28":8,"29":8,"30":8,"31":8,"32":8,"33":8,"34":8,"35":8,"36":8,"37":8,"38":8,"39":1,"40":1,"41":1,"42":1,"43":1,"44":1,"45":1,"46":1,"47":1,"48":1,"49":1,"50":1,"51":1,"52":1,"53":1,"54":1,"55":1,"56":8,"57":8,"58":8,"59":8,"60":0,"61":0,"62":8,"63":8,"64":0,"65":0,"66":8,"67":8,"68":0,"69":0,"70":8,"71":8,"72":0,"73":0,"74":0,"75":8,"76":8,"77":0,"78":0,"79":0,"80":0,"81":0,"82":0,"83":0,"84":0,"85":0,"86":0,"87":8,"88":8,"89":1,"90":1,"91":3,"92":3,"93":3,"94":3,"95":3,"96":1,"97":1,"98":1,"99":1,"100":1,"101":8,"102":8,"103":8,"104":15,"105":15,"106":18,"107":18,"108":18,"109":19,"110":19,"111":18,"112":18,"113":15,"114":15,"115":15,"116":0,"117":0,"118":15,"119":8,"120":8,"121":4,"122":15,"123":4,"124":8,"125":8,"126":8,"127":8,"128":8,"129":8,"130":8,"131":8,"132":8,"133":30,"134":30,"135":6,"136":6,"137":6,"138":6,"139":30,"140":30,"141":30,"142":30,"143":30,"144":30,"145":387,"146":387,"147":387,"148":387,"149":387,"150":387,"151":387,"152":387,"153":387,"154":387,"155":387,"156":387,"157":387,"158":387,"159":30,"160":30,"161":30,"162":30,"163":30,"164":30,"165":1,"166":1,"167":1,"168":30,"169":30,"170":30,"171":30,"172":30,"173":30,"174":30,"175":30,"176":8,"177":8,"178":8,"179":8,"180":8,"181":8,"182":8,"183":8,"184":8,"185":8,"186":8,"187":8,"188":8,"189":8,"190":8,"191":8,"192":8,"193":8,"194":8,"195":8,"196":8,"197":8,"198":8,"199":1,"200":1},"branchMap":{"0":{"type":"branch","line":6,"loc":{"start":{"line":6,"column":22},"end":{"line":16,"column":1}},"locations":[{"start":{"line":6,"column":22},"end":{"line":16,"column":1}}]},"1":{"type":"branch","line":8,"loc":{"start":{"line":8,"column":97},"end":{"line":8,"column":134}},"locations":[{"start":{"line":8,"column":97},"end":{"line":8,"column":134}}]},"2":{"type":"branch","line":18,"loc":{"start":{"line":18,"column":17},"end":{"line":199,"column":2}},"locations":[{"start":{"line":18,"column":17},"end":{"line":199,"column":2}}]},"3":{"type":"branch","line":39,"loc":{"start":{"line":39,"column":18},"end":{"line":56,"column":4}},"locations":[{"start":{"line":39,"column":18},"end":{"line":56,"column":4}}]},"4":{"type":"branch","line":89,"loc":{"start":{"line":89,"column":12},"end":{"line":102,"column":5}},"locations":[{"start":{"line":89,"column":12},"end":{"line":102,"column":5}}]},"5":{"type":"branch","line":91,"loc":{"start":{"line":91,"column":48},"end":{"line":97,"column":5}},"locations":[{"start":{"line":91,"column":48},"end":{"line":97,"column":5}}]},"6":{"type":"branch","line":99,"loc":{"start":{"line":99,"column":11},"end":{"line":101,"column":6}},"locations":[{"start":{"line":99,"column":11},"end":{"line":101,"column":6}}]},"7":{"type":"branch","line":104,"loc":{"start":{"line":104,"column":28},"end":{"line":119,"column":4}},"locations":[{"start":{"line":104,"column":28},"end":{"line":119,"column":4}}]},"8":{"type":"branch","line":106,"loc":{"start":{"line":106,"column":48},"end":{"line":114,"column":5}},"locations":[{"start":{"line":106,"column":48},"end":{"line":114,"column":5}}]},"9":{"type":"branch","line":109,"loc":{"start":{"line":109,"column":17},"end":{"line":112,"column":10}},"locations":[{"start":{"line":109,"column":17},"end":{"line":112,"column":10}}]},"10":{"type":"branch","line":121,"loc":{"start":{"line":121,"column":12},"end":{"line":125,"column":5}},"locations":[{"start":{"line":121,"column":12},"end":{"line":125,"column":5}}]},"11":{"type":"branch","line":122,"loc":{"start":{"line":122,"column":19},"end":{"line":124,"column":5}},"locations":[{"start":{"line":122,"column":19},"end":{"line":124,"column":5}}]},"12":{"type":"branch","line":133,"loc":{"start":{"line":133,"column":22},"end":{"line":176,"column":18}},"locations":[{"start":{"line":133,"column":22},"end":{"line":176,"column":18}}]},"13":{"type":"branch","line":135,"loc":{"start":{"line":135,"column":25},"end":{"line":139,"column":18}},"locations":[{"start":{"line":135,"column":25},"end":{"line":139,"column":18}}]},"14":{"type":"branch","line":145,"loc":{"start":{"line":145,"column":55},"end":{"line":159,"column":28}},"locations":[{"start":{"line":145,"column":55},"end":{"line":159,"column":28}}]},"15":{"type":"branch","line":146,"loc":{"start":{"line":146,"column":25},"end":{"line":146,"column":36}},"locations":[{"start":{"line":146,"column":25},"end":{"line":146,"column":36}}]},"16":{"type":"branch","line":165,"loc":{"start":{"line":165,"column":25},"end":{"line":168,"column":18}},"locations":[{"start":{"line":165,"column":25},"end":{"line":168,"column":18}}]}},"b":{"0":[36],"1":[0],"2":[8],"3":[1],"4":[1],"5":[3],"6":[1],"7":[15],"8":[18],"9":[19],"10":[4],"11":[15],"12":[30],"13":[6],"14":[387],"15":[0],"16":[1]},"fnMap":{"0":{"name":"AddSectionBtn","decl":{"start":{"line":6,"column":22},"end":{"line":16,"column":1}},"loc":{"start":{"line":6,"column":22},"end":{"line":16,"column":1}},"line":6},"1":{"name":"TodoList","decl":{"start":{"line":18,"column":17},"end":{"line":199,"column":2}},"loc":{"start":{"line":18,"column":17},"end":{"line":199,"column":2}},"line":18},"2":{"name":"addItem","decl":{"start":{"line":39,"column":18},"end":{"line":56,"column":4}},"loc":{"start":{"line":39,"column":18},"end":{"line":56,"column":4}},"line":39},"3":{"name":"handleCreateCatModelOpen","decl":{"start":{"line":60,"column":35},"end":{"line":62,"column":4}},"loc":{"start":{"line":60,"column":35},"end":{"line":62,"column":4}},"line":60},"4":{"name":"handleCreateCatModelOK","decl":{"start":{"line":64,"column":33},"end":{"line":66,"column":4}},"loc":{"start":{"line":64,"column":33},"end":{"line":66,"column":4}},"line":64},"5":{"name":"handleCreateCatModelCancel","decl":{"start":{"line":68,"column":37},"end":{"line":70,"column":4}},"loc":{"start":{"line":68,"column":37},"end":{"line":70,"column":4}},"line":68},"6":{"name":"handleCloseCompletely","decl":{"start":{"line":72,"column":32},"end":{"line":75,"column":3}},"loc":{"start":{"line":72,"column":32},"end":{"line":75,"column":3}},"line":72},"7":{"name":"addCategory","decl":{"start":{"line":77,"column":22},"end":{"line":87,"column":4}},"loc":{"start":{"line":77,"column":22},"end":{"line":87,"column":4}},"line":77},"8":{"name":"fetchTodosByEvent","decl":{"start":{"line":104,"column":28},"end":{"line":119,"column":4}},"loc":{"start":{"line":104,"column":28},"end":{"line":119,"column":4}},"line":104},"9":{"name":"onClick","decl":{"start":{"line":165,"column":25},"end":{"line":168,"column":18}},"loc":{"start":{"line":165,"column":25},"end":{"line":168,"column":18}},"line":165},"10":{"name":"onChange","decl":{"start":{"line":191,"column":92},"end":{"line":191,"column":130}},"loc":{"start":{"line":191,"column":92},"end":{"line":191,"column":130}},"line":191},"11":{"name":"onClick","decl":{"start":{"line":192,"column":31},"end":{"line":192,"column":93}},"loc":{"start":{"line":192,"column":31},"end":{"line":192,"column":93}},"line":192}},"f":{"0":36,"1":8,"2":1,"3":0,"4":0,"5":0,"6":0,"7":0,"8":15,"9":1,"10":0,"11":0}}
}
